{"/mnt/e/Projects/Yaatuber/src/main/index.ts": {"path":"/mnt/e/Projects/Yaatuber/src/main/index.ts","statementMap":{"0":{"start":{"line":22,"column":43},"end":{"line":22,"column":null}},"1":{"start":{"line":24,"column":0},"end":{"line":26,"column":null}},"2":{"start":{"line":25,"column":2},"end":{"line":25,"column":null}},"3":{"start":{"line":28,"column":0},"end":{"line":30,"column":null}},"4":{"start":{"line":29,"column":2},"end":{"line":29,"column":null}},"5":{"start":{"line":32,"column":0},"end":{"line":130,"column":null}},"6":{"start":{"line":36,"column":4},"end":{"line":40,"column":null}},"7":{"start":{"line":37,"column":23},"end":{"line":37,"column":87}},"8":{"start":{"line":38,"column":19},"end":{"line":38,"column":55}},"9":{"start":{"line":39,"column":6},"end":{"line":40,"column":null}},"10":{"start":{"line":40,"column":8},"end":{"line":40,"column":null}},"11":{"start":{"line":44,"column":4},"end":{"line":44,"column":null}},"12":{"start":{"line":45,"column":4},"end":{"line":45,"column":null}},"13":{"start":{"line":48,"column":4},"end":{"line":56,"column":null}},"14":{"start":{"line":50,"column":8},"end":{"line":53,"column":null}},"15":{"start":{"line":51,"column":10},"end":{"line":51,"column":null}},"16":{"start":{"line":53,"column":10},"end":{"line":53,"column":null}},"17":{"start":{"line":59,"column":4},"end":{"line":64,"column":null}},"18":{"start":{"line":60,"column":6},"end":{"line":61,"column":null}},"19":{"start":{"line":61,"column":8},"end":{"line":61,"column":null}},"20":{"start":{"line":63,"column":6},"end":{"line":63,"column":null}},"21":{"start":{"line":67,"column":4},"end":{"line":72,"column":null}},"22":{"start":{"line":70,"column":8},"end":{"line":70,"column":null}},"23":{"start":{"line":77,"column":4},"end":{"line":103,"column":null}},"24":{"start":{"line":79,"column":8},"end":{"line":97,"column":null}},"25":{"start":{"line":80,"column":26},"end":{"line":82,"column":12}},"26":{"start":{"line":83,"column":16},"end":{"line":86,"column":null}},"27":{"start":{"line":85,"column":36},"end":{"line":85,"column":67}},"28":{"start":{"line":87,"column":10},"end":{"line":87,"column":null}},"29":{"start":{"line":89,"column":10},"end":{"line":93,"column":null}},"30":{"start":{"line":90,"column":12},"end":{"line":90,"column":null}},"31":{"start":{"line":92,"column":12},"end":{"line":92,"column":null}},"32":{"start":{"line":93,"column":12},"end":{"line":93,"column":null}},"33":{"start":{"line":96,"column":10},"end":{"line":96,"column":null}},"34":{"start":{"line":97,"column":10},"end":{"line":97,"column":null}},"35":{"start":{"line":105,"column":4},"end":{"line":105,"column":null}},"36":{"start":{"line":106,"column":4},"end":{"line":106,"column":null}},"37":{"start":{"line":108,"column":4},"end":{"line":125,"column":null}},"38":{"start":{"line":109,"column":12},"end":{"line":109,"column":37}},"39":{"start":{"line":110,"column":6},"end":{"line":122,"column":null}},"40":{"start":{"line":112,"column":8},"end":{"line":113,"column":null}},"41":{"start":{"line":113,"column":10},"end":{"line":113,"column":null}},"42":{"start":{"line":115,"column":8},"end":{"line":115,"column":null}},"43":{"start":{"line":116,"column":8},"end":{"line":116,"column":null}},"44":{"start":{"line":119,"column":8},"end":{"line":119,"column":null}},"45":{"start":{"line":120,"column":8},"end":{"line":120,"column":null}},"46":{"start":{"line":121,"column":8},"end":{"line":122,"column":null}},"47":{"start":{"line":122,"column":10},"end":{"line":122,"column":null}},"48":{"start":{"line":128,"column":4},"end":{"line":128,"column":null}},"49":{"start":{"line":129,"column":4},"end":{"line":129,"column":null}},"50":{"start":{"line":132,"column":0},"end":{"line":134,"column":null}},"51":{"start":{"line":133,"column":2},"end":{"line":133,"column":null}},"52":{"start":{"line":136,"column":0},"end":{"line":163,"column":null}},"53":{"start":{"line":137,"column":2},"end":{"line":143,"column":null}},"54":{"start":{"line":139,"column":19},"end":{"line":139,"column":55}},"55":{"start":{"line":142,"column":4},"end":{"line":142,"column":null}},"56":{"start":{"line":148,"column":2},"end":{"line":160,"column":null}},"57":{"start":{"line":149,"column":19},"end":{"line":149,"column":30}},"58":{"start":{"line":150,"column":20},"end":{"line":150,"column":42}},"59":{"start":{"line":151,"column":4},"end":{"line":155,"column":null}},"60":{"start":{"line":152,"column":6},"end":{"line":155,"column":null}},"61":{"start":{"line":153,"column":8},"end":{"line":155,"column":null}},"62":{"start":{"line":154,"column":10},"end":{"line":154,"column":null}},"63":{"start":{"line":165,"column":0},"end":{"line":169,"column":null}},"64":{"start":{"line":166,"column":2},"end":{"line":167,"column":null}},"65":{"start":{"line":167,"column":4},"end":{"line":167,"column":null}}},"fnMap":{"0":{"name":"(anonymous_0)","decl":{"start":{"line":24,"column":11},"end":{"line":24,"column":33}},"loc":{"start":{"line":24,"column":50},"end":{"line":26,"column":null}},"line":24},"1":{"name":"(anonymous_1)","decl":{"start":{"line":28,"column":11},"end":{"line":28,"column":34}},"loc":{"start":{"line":28,"column":54},"end":{"line":30,"column":null}},"line":28},"2":{"name":"(anonymous_2)","decl":{"start":{"line":34,"column":8},"end":{"line":34,"column":20}},"loc":{"start":{"line":34,"column":20},"end":{"line":126,"column":null}},"line":34},"3":{"name":"(anonymous_3)","decl":{"start":{"line":48,"column":27},"end":{"line":48,"column":null}},"loc":{"start":{"line":49,"column":46},"end":{"line":56,"column":null}},"line":49},"4":{"name":"(anonymous_4)","decl":{"start":{"line":59,"column":27},"end":{"line":59,"column":54}},"loc":{"start":{"line":59,"column":83},"end":{"line":64,"column":null}},"line":59},"5":{"name":"(anonymous_5)","decl":{"start":{"line":68,"column":15},"end":{"line":68,"column":null}},"loc":{"start":{"line":69,"column":65},"end":{"line":72,"column":null}},"line":69},"6":{"name":"(anonymous_6)","decl":{"start":{"line":78,"column":6},"end":{"line":78,"column":13}},"loc":{"start":{"line":78,"column":36},"end":{"line":97,"column":null}},"line":78},"7":{"name":"(anonymous_7)","decl":{"start":{"line":85,"column":24},"end":{"line":85,"column":30}},"loc":{"start":{"line":85,"column":36},"end":{"line":85,"column":67}},"line":85},"8":{"name":"(anonymous_8)","decl":{"start":{"line":108,"column":11},"end":{"line":108,"column":29}},"loc":{"start":{"line":108,"column":29},"end":{"line":125,"column":null}},"line":108},"9":{"name":"(anonymous_9)","decl":{"start":{"line":127,"column":3},"end":{"line":127,"column":10}},"loc":{"start":{"line":127,"column":29},"end":{"line":130,"column":null}},"line":127},"10":{"name":"(anonymous_10)","decl":{"start":{"line":132,"column":7},"end":{"line":132,"column":26}},"loc":{"start":{"line":132,"column":26},"end":{"line":134,"column":null}},"line":132},"11":{"name":"(anonymous_11)","decl":{"start":{"line":136,"column":7},"end":{"line":136,"column":28}},"loc":{"start":{"line":136,"column":28},"end":{"line":163,"column":null}},"line":136},"12":{"name":"(anonymous_12)","decl":{"start":{"line":165,"column":7},"end":{"line":165,"column":34}},"loc":{"start":{"line":165,"column":34},"end":{"line":169,"column":null}},"line":165}},"branchMap":{"0":{"loc":{"start":{"line":36,"column":4},"end":{"line":40,"column":null}},"type":"if","locations":[{"start":{"line":36,"column":4},"end":{"line":40,"column":null}},{"start":{},"end":{}}],"line":36},"1":{"loc":{"start":{"line":36,"column":8},"end":{"line":36,"column":51}},"type":"binary-expr","locations":[{"start":{"line":36,"column":8},"end":{"line":36,"column":41}},{"start":{"line":36,"column":41},"end":{"line":36,"column":51}}],"line":36},"2":{"loc":{"start":{"line":39,"column":6},"end":{"line":40,"column":null}},"type":"if","locations":[{"start":{"line":39,"column":6},"end":{"line":40,"column":null}},{"start":{},"end":{}}],"line":39},"3":{"loc":{"start":{"line":50,"column":8},"end":{"line":53,"column":null}},"type":"if","locations":[{"start":{"line":50,"column":8},"end":{"line":53,"column":null}},{"start":{"line":52,"column":15},"end":{"line":53,"column":null}}],"line":50},"4":{"loc":{"start":{"line":60,"column":6},"end":{"line":61,"column":null}},"type":"if","locations":[{"start":{"line":60,"column":6},"end":{"line":61,"column":null}},{"start":{},"end":{}}],"line":60},"5":{"loc":{"start":{"line":83,"column":16},"end":{"line":86,"column":null}},"type":"binary-expr","locations":[{"start":{"line":84,"column":13},"end":{"line":86,"column":30}},{"start":{"line":86,"column":30},"end":{"line":86,"column":null}}],"line":83},"6":{"loc":{"start":{"line":84,"column":13},"end":{"line":86,"column":30}},"type":"cond-expr","locations":[{"start":{"line":85,"column":16},"end":{"line":85,"column":67}},{"start":{"line":86,"column":16},"end":{"line":86,"column":30}}],"line":84},"7":{"loc":{"start":{"line":89,"column":10},"end":{"line":93,"column":null}},"type":"if","locations":[{"start":{"line":89,"column":10},"end":{"line":93,"column":null}},{"start":{"line":91,"column":17},"end":{"line":93,"column":null}}],"line":89},"8":{"loc":{"start":{"line":110,"column":6},"end":{"line":122,"column":null}},"type":"if","locations":[{"start":{"line":110,"column":6},"end":{"line":122,"column":null}},{"start":{"line":117,"column":13},"end":{"line":122,"column":null}}],"line":110},"9":{"loc":{"start":{"line":112,"column":8},"end":{"line":113,"column":null}},"type":"if","locations":[{"start":{"line":112,"column":8},"end":{"line":113,"column":null}},{"start":{},"end":{}}],"line":112},"10":{"loc":{"start":{"line":121,"column":8},"end":{"line":122,"column":null}},"type":"if","locations":[{"start":{"line":121,"column":8},"end":{"line":122,"column":null}},{"start":{},"end":{}}],"line":121},"11":{"loc":{"start":{"line":152,"column":6},"end":{"line":155,"column":null}},"type":"if","locations":[{"start":{"line":152,"column":6},"end":{"line":155,"column":null}},{"start":{},"end":{}}],"line":152},"12":{"loc":{"start":{"line":152,"column":10},"end":{"line":152,"column":76}},"type":"binary-expr","locations":[{"start":{"line":152,"column":10},"end":{"line":152,"column":50}},{"start":{"line":152,"column":54},"end":{"line":152,"column":76}}],"line":152},"13":{"loc":{"start":{"line":166,"column":2},"end":{"line":167,"column":null}},"type":"if","locations":[{"start":{"line":166,"column":2},"end":{"line":167,"column":null}},{"start":{},"end":{}}],"line":166}},"s":{"0":0,"1":0,"2":0,"3":0,"4":0,"5":0,"6":0,"7":0,"8":0,"9":0,"10":0,"11":0,"12":0,"13":0,"14":0,"15":0,"16":0,"17":0,"18":0,"19":0,"20":0,"21":0,"22":0,"23":0,"24":0,"25":0,"26":0,"27":0,"28":0,"29":0,"30":0,"31":0,"32":0,"33":0,"34":0,"35":0,"36":0,"37":0,"38":0,"39":0,"40":0,"41":0,"42":0,"43":0,"44":0,"45":0,"46":0,"47":0,"48":0,"49":0,"50":0,"51":0,"52":0,"53":0,"54":0,"55":0,"56":0,"57":0,"58":0,"59":0,"60":0,"61":0,"62":0,"63":0,"64":0,"65":0},"f":{"0":0,"1":0,"2":0,"3":0,"4":0,"5":0,"6":0,"7":0,"8":0,"9":0,"10":0,"11":0,"12":0},"b":{"0":[0,0],"1":[0,0],"2":[0,0],"3":[0,0],"4":[0,0],"5":[0,0],"6":[0,0],"7":[0,0],"8":[0,0],"9":[0,0],"10":[0,0],"11":[0,0],"12":[0,0],"13":[0,0]},"meta":{"lastBranch":14,"lastFunction":13,"lastStatement":66,"seen":{"s:22:43:22:Infinity":0,"s:24:0:26:Infinity":1,"f:24:11:24:33":0,"s:25:2:25:Infinity":2,"s:28:0:30:Infinity":3,"f:28:11:28:34":1,"s:29:2:29:Infinity":4,"s:32:0:130:Infinity":5,"f:34:8:34:20":2,"b:36:4:40:Infinity:undefined:undefined:undefined:undefined":0,"s:36:4:40:Infinity":6,"b:36:8:36:41:36:41:36:51":1,"s:37:23:37:87":7,"s:38:19:38:55":8,"b:39:6:40:Infinity:undefined:undefined:undefined:undefined":2,"s:39:6:40:Infinity":9,"s:40:8:40:Infinity":10,"s:44:4:44:Infinity":11,"s:45:4:45:Infinity":12,"s:48:4:56:Infinity":13,"f:48:27:48:Infinity":3,"b:50:8:53:Infinity:52:15:53:Infinity":3,"s:50:8:53:Infinity":14,"s:51:10:51:Infinity":15,"s:53:10:53:Infinity":16,"s:59:4:64:Infinity":17,"f:59:27:59:54":4,"b:60:6:61:Infinity:undefined:undefined:undefined:undefined":4,"s:60:6:61:Infinity":18,"s:61:8:61:Infinity":19,"s:63:6:63:Infinity":20,"s:67:4:72:Infinity":21,"f:68:15:68:Infinity":5,"s:70:8:70:Infinity":22,"s:77:4:103:Infinity":23,"f:78:6:78:13":6,"s:79:8:97:Infinity":24,"s:80:26:82:12":25,"s:83:16:86:Infinity":26,"b:84:13:86:30:86:30:86:Infinity":5,"b:85:16:85:67:86:16:86:30":6,"f:85:24:85:30":7,"s:85:36:85:67":27,"s:87:10:87:Infinity":28,"b:89:10:93:Infinity:91:17:93:Infinity":7,"s:89:10:93:Infinity":29,"s:90:12:90:Infinity":30,"s:92:12:92:Infinity":31,"s:93:12:93:Infinity":32,"s:96:10:96:Infinity":33,"s:97:10:97:Infinity":34,"s:105:4:105:Infinity":35,"s:106:4:106:Infinity":36,"s:108:4:125:Infinity":37,"f:108:11:108:29":8,"s:109:12:109:37":38,"b:110:6:122:Infinity:117:13:122:Infinity":8,"s:110:6:122:Infinity":39,"b:112:8:113:Infinity:undefined:undefined:undefined:undefined":9,"s:112:8:113:Infinity":40,"s:113:10:113:Infinity":41,"s:115:8:115:Infinity":42,"s:116:8:116:Infinity":43,"s:119:8:119:Infinity":44,"s:120:8:120:Infinity":45,"b:121:8:122:Infinity:undefined:undefined:undefined:undefined":10,"s:121:8:122:Infinity":46,"s:122:10:122:Infinity":47,"f:127:3:127:10":9,"s:128:4:128:Infinity":48,"s:129:4:129:Infinity":49,"s:132:0:134:Infinity":50,"f:132:7:132:26":10,"s:133:2:133:Infinity":51,"s:136:0:163:Infinity":52,"f:136:7:136:28":11,"s:137:2:143:Infinity":53,"s:139:19:139:55":54,"s:142:4:142:Infinity":55,"s:148:2:160:Infinity":56,"s:149:19:149:30":57,"s:150:20:150:42":58,"s:151:4:155:Infinity":59,"b:152:6:155:Infinity:undefined:undefined:undefined:undefined":11,"s:152:6:155:Infinity":60,"b:152:10:152:50:152:54:152:76":12,"s:153:8:155:Infinity":61,"s:154:10:154:Infinity":62,"s:165:0:169:Infinity":63,"f:165:7:165:34":12,"b:166:2:167:Infinity:undefined:undefined:undefined:undefined":13,"s:166:2:167:Infinity":64,"s:167:4:167:Infinity":65}}}
,"/mnt/e/Projects/Yaatuber/src/main/store.ts": {"path":"/mnt/e/Projects/Yaatuber/src/main/store.ts","statementMap":{"0":{"start":{"line":8,"column":20},"end":{"line":8,"column":69}},"1":{"start":{"line":10,"column":34},"end":{"line":38,"column":null}},"2":{"start":{"line":40,"column":24},"end":{"line":40,"column":45}},"3":{"start":{"line":43,"column":2},"end":{"line":66,"column":null}},"4":{"start":{"line":44,"column":4},"end":{"line":62,"column":null}},"5":{"start":{"line":45,"column":18},"end":{"line":45,"column":55}},"6":{"start":{"line":46,"column":21},"end":{"line":46,"column":36}},"7":{"start":{"line":47,"column":6},"end":{"line":62,"column":null}},"8":{"start":{"line":65,"column":4},"end":{"line":65,"column":null}},"9":{"start":{"line":66,"column":4},"end":{"line":66,"column":null}},"10":{"start":{"line":68,"column":2},"end":{"line":68,"column":null}},"11":{"start":{"line":72,"column":2},"end":{"line":73,"column":null}},"12":{"start":{"line":73,"column":4},"end":{"line":73,"column":null}},"13":{"start":{"line":75,"column":2},"end":{"line":75,"column":null}},"14":{"start":{"line":76,"column":2},"end":{"line":79,"column":null}},"15":{"start":{"line":77,"column":4},"end":{"line":77,"column":null}},"16":{"start":{"line":79,"column":4},"end":{"line":79,"column":null}},"17":{"start":{"line":84,"column":2},"end":{"line":84,"column":null}}},"fnMap":{"0":{"name":"loadConfig","decl":{"start":{"line":42,"column":16},"end":{"line":42,"column":40}},"loc":{"start":{"line":42,"column":40},"end":{"line":68,"column":null}},"line":42},"1":{"name":"saveConfig","decl":{"start":{"line":71,"column":22},"end":{"line":71,"column":33}},"loc":{"start":{"line":71,"column":77},"end":{"line":79,"column":null}},"line":71},"2":{"name":"getConfig","decl":{"start":{"line":83,"column":16},"end":{"line":83,"column":39}},"loc":{"start":{"line":83,"column":39},"end":{"line":84,"column":null}},"line":83}},"branchMap":{"0":{"loc":{"start":{"line":44,"column":4},"end":{"line":62,"column":null}},"type":"if","locations":[{"start":{"line":44,"column":4},"end":{"line":62,"column":null}},{"start":{},"end":{}}],"line":44},"1":{"loc":{"start":{"line":52,"column":14},"end":{"line":52,"column":34}},"type":"binary-expr","locations":[{"start":{"line":52,"column":14},"end":{"line":52,"column":32}},{"start":{"line":52,"column":32},"end":{"line":52,"column":34}}],"line":52},"2":{"loc":{"start":{"line":55,"column":12},"end":{"line":55,"column":null}},"type":"binary-expr","locations":[{"start":{"line":55,"column":12},"end":{"line":55,"column":60}},{"start":{"line":55,"column":60},"end":{"line":55,"column":null}}],"line":55},"3":{"loc":{"start":{"line":55,"column":17},"end":{"line":55,"column":37}},"type":"binary-expr","locations":[{"start":{"line":55,"column":17},"end":{"line":55,"column":35}},{"start":{"line":55,"column":35},"end":{"line":55,"column":37}}],"line":55},"4":{"loc":{"start":{"line":59,"column":12},"end":{"line":59,"column":null}},"type":"binary-expr","locations":[{"start":{"line":59,"column":12},"end":{"line":59,"column":50}},{"start":{"line":59,"column":50},"end":{"line":59,"column":null}}],"line":59},"5":{"loc":{"start":{"line":59,"column":17},"end":{"line":59,"column":37}},"type":"binary-expr","locations":[{"start":{"line":59,"column":17},"end":{"line":59,"column":35}},{"start":{"line":59,"column":35},"end":{"line":59,"column":37}}],"line":59},"6":{"loc":{"start":{"line":72,"column":2},"end":{"line":73,"column":null}},"type":"if","locations":[{"start":{"line":72,"column":2},"end":{"line":73,"column":null}},{"start":{},"end":{}}],"line":72}},"s":{"0":9,"1":9,"2":9,"3":5,"4":5,"5":4,"6":4,"7":4,"8":1,"9":1,"10":5,"11":5,"12":2,"13":5,"14":5,"15":5,"16":0,"17":4},"f":{"0":5,"1":5,"2":4},"b":{"0":[4,1],"1":[4,1],"2":[4,2],"3":[4,1],"4":[4,2],"5":[4,1],"6":[2,3]},"meta":{"lastBranch":7,"lastFunction":3,"lastStatement":18,"seen":{"s:8:20:8:69":0,"s:10:34:38:Infinity":1,"s:40:24:40:45":2,"f:42:16:42:40":0,"s:43:2:66:Infinity":3,"b:44:4:62:Infinity:undefined:undefined:undefined:undefined":0,"s:44:4:62:Infinity":4,"s:45:18:45:55":5,"s:46:21:46:36":6,"s:47:6:62:Infinity":7,"b:52:14:52:32:52:32:52:34":1,"b:55:12:55:60:55:60:55:Infinity":2,"b:55:17:55:35:55:35:55:37":3,"b:59:12:59:50:59:50:59:Infinity":4,"b:59:17:59:35:59:35:59:37":5,"s:65:4:65:Infinity":8,"s:66:4:66:Infinity":9,"s:68:2:68:Infinity":10,"f:71:22:71:33":1,"b:72:2:73:Infinity:undefined:undefined:undefined:undefined":6,"s:72:2:73:Infinity":11,"s:73:4:73:Infinity":12,"s:75:2:75:Infinity":13,"s:76:2:79:Infinity":14,"s:77:4:77:Infinity":15,"s:79:4:79:Infinity":16,"f:83:16:83:39":2,"s:84:2:84:Infinity":17}}}
,"/mnt/e/Projects/Yaatuber/src/main/input/active-window.ts": {"path":"/mnt/e/Projects/Yaatuber/src/main/input/active-window.ts","statementMap":{"0":{"start":{"line":4,"column":25},"end":{"line":4,"column":null}},"1":{"start":{"line":5,"column":69},"end":{"line":5,"column":null}},"2":{"start":{"line":9,"column":2},"end":{"line":10,"column":null}},"3":{"start":{"line":10,"column":4},"end":{"line":10,"column":null}},"4":{"start":{"line":13,"column":2},"end":{"line":14,"column":null}},"5":{"start":{"line":14,"column":4},"end":{"line":14,"column":null}},"6":{"start":{"line":16,"column":2},"end":{"line":18,"column":null}},"7":{"start":{"line":17,"column":4},"end":{"line":17,"column":null}},"8":{"start":{"line":19,"column":2},"end":{"line":28,"column":null}},"9":{"start":{"line":24,"column":6},"end":{"line":25,"column":null}},"10":{"start":{"line":25,"column":8},"end":{"line":25,"column":null}},"11":{"start":{"line":33,"column":2},"end":{"line":33,"column":null}}},"fnMap":{"0":{"name":"refreshActiveWindow","decl":{"start":{"line":8,"column":16},"end":{"line":8,"column":44}},"loc":{"start":{"line":8,"column":44},"end":{"line":28,"column":null}},"line":8},"1":{"name":"(anonymous_1)","decl":{"start":{"line":16,"column":29},"end":{"line":16,"column":46}},"loc":{"start":{"line":16,"column":46},"end":{"line":18,"column":9}},"line":16},"2":{"name":"(anonymous_2)","decl":{"start":{"line":22,"column":21},"end":{"line":22,"column":null}},"loc":{"start":{"line":23,"column":23},"end":{"line":28,"column":null}},"line":23},"3":{"name":"getCachedActiveWindow","decl":{"start":{"line":32,"column":16},"end":{"line":32,"column":48}},"loc":{"start":{"line":32,"column":48},"end":{"line":33,"column":null}},"line":32}},"branchMap":{"0":{"loc":{"start":{"line":9,"column":2},"end":{"line":10,"column":null}},"type":"if","locations":[{"start":{"line":9,"column":2},"end":{"line":10,"column":null}},{"start":{},"end":{}}],"line":9},"1":{"loc":{"start":{"line":13,"column":2},"end":{"line":14,"column":null}},"type":"if","locations":[{"start":{"line":13,"column":2},"end":{"line":14,"column":null}},{"start":{},"end":{}}],"line":13},"2":{"loc":{"start":{"line":24,"column":6},"end":{"line":25,"column":null}},"type":"if","locations":[{"start":{"line":24,"column":6},"end":{"line":25,"column":null}},{"start":{},"end":{}}],"line":24},"3":{"loc":{"start":{"line":24,"column":10},"end":{"line":24,"column":33}},"type":"binary-expr","locations":[{"start":{"line":24,"column":10},"end":{"line":24,"column":20}},{"start":{"line":24,"column":20},"end":{"line":24,"column":33}}],"line":24}},"s":{"0":0,"1":0,"2":0,"3":0,"4":0,"5":0,"6":0,"7":0,"8":0,"9":0,"10":0,"11":0},"f":{"0":0,"1":0,"2":0,"3":0},"b":{"0":[0,0],"1":[0,0],"2":[0,0],"3":[0,0]},"meta":{"lastBranch":4,"lastFunction":4,"lastStatement":12,"seen":{"s:4:25:4:Infinity":0,"s:5:69:5:Infinity":1,"f:8:16:8:44":0,"b:9:2:10:Infinity:undefined:undefined:undefined:undefined":0,"s:9:2:10:Infinity":2,"s:10:4:10:Infinity":3,"b:13:2:14:Infinity:undefined:undefined:undefined:undefined":1,"s:13:2:14:Infinity":4,"s:14:4:14:Infinity":5,"s:16:2:18:Infinity":6,"f:16:29:16:46":1,"s:17:4:17:Infinity":7,"s:19:2:28:Infinity":8,"f:22:21:22:Infinity":2,"b:24:6:25:Infinity:undefined:undefined:undefined:undefined":2,"s:24:6:25:Infinity":9,"b:24:10:24:20:24:20:24:33":3,"s:25:8:25:Infinity":10,"f:32:16:32:48":3,"s:33:2:33:Infinity":11}}}
,"/mnt/e/Projects/Yaatuber/src/main/input/index.ts": {"path":"/mnt/e/Projects/Yaatuber/src/main/input/index.ts","statementMap":{"0":{"start":{"line":21,"column":23},"end":{"line":21,"column":null}},"1":{"start":{"line":22,"column":67},"end":{"line":22,"column":null}},"2":{"start":{"line":25,"column":82},"end":{"line":25,"column":null}},"3":{"start":{"line":26,"column":0},"end":{"line":30,"column":null}},"4":{"start":{"line":27,"column":2},"end":{"line":30,"column":null}},"5":{"start":{"line":29,"column":4},"end":{"line":29,"column":null}},"6":{"start":{"line":37,"column":8},"end":{"line":37,"column":30}},"7":{"start":{"line":38,"column":2},"end":{"line":39,"column":null}},"8":{"start":{"line":39,"column":4},"end":{"line":39,"column":null}},"9":{"start":{"line":45,"column":2},"end":{"line":45,"column":null}},"10":{"start":{"line":50,"column":2},"end":{"line":51,"column":null}},"11":{"start":{"line":51,"column":4},"end":{"line":51,"column":null}},"12":{"start":{"line":54,"column":2},"end":{"line":67,"column":null}},"13":{"start":{"line":55,"column":22},"end":{"line":55,"column":74}},"14":{"start":{"line":56,"column":4},"end":{"line":67,"column":null}},"15":{"start":{"line":57,"column":6},"end":{"line":57,"column":null}},"16":{"start":{"line":58,"column":6},"end":{"line":66,"column":null}},"17":{"start":{"line":67,"column":6},"end":{"line":67,"column":null}},"18":{"start":{"line":72,"column":8},"end":{"line":78,"column":null}},"19":{"start":{"line":81,"column":2},"end":{"line":81,"column":null}},"20":{"start":{"line":82,"column":2},"end":{"line":82,"column":null}},"21":{"start":{"line":85,"column":2},"end":{"line":122,"column":null}},"22":{"start":{"line":87,"column":4},"end":{"line":88,"column":null}},"23":{"start":{"line":88,"column":6},"end":{"line":88,"column":null}},"24":{"start":{"line":90,"column":4},"end":{"line":90,"column":null}},"25":{"start":{"line":91,"column":24},"end":{"line":91,"column":null}},"26":{"start":{"line":92,"column":4},"end":{"line":118,"column":null}},"27":{"start":{"line":94,"column":6},"end":{"line":94,"column":null}},"28":{"start":{"line":95,"column":12},"end":{"line":95,"column":49}},"29":{"start":{"line":96,"column":6},"end":{"line":97,"column":null}},"30":{"start":{"line":97,"column":8},"end":{"line":97,"column":null}},"31":{"start":{"line":99,"column":26},"end":{"line":99,"column":null}},"32":{"start":{"line":100,"column":6},"end":{"line":105,"column":null}},"33":{"start":{"line":108,"column":17},"end":{"line":108,"column":null}},"34":{"start":{"line":109,"column":6},"end":{"line":118,"column":null}},"35":{"start":{"line":110,"column":27},"end":{"line":110,"column":null}},"36":{"start":{"line":111,"column":8},"end":{"line":111,"column":null}},"37":{"start":{"line":113,"column":8},"end":{"line":113,"column":null}},"38":{"start":{"line":114,"column":17},"end":{"line":118,"column":null}},"39":{"start":{"line":117,"column":8},"end":{"line":118,"column":null}},"40":{"start":{"line":118,"column":10},"end":{"line":118,"column":null}},"41":{"start":{"line":125,"column":2},"end":{"line":125,"column":null}},"42":{"start":{"line":127,"column":2},"end":{"line":131,"column":null}},"43":{"start":{"line":128,"column":4},"end":{"line":128,"column":null}},"44":{"start":{"line":129,"column":4},"end":{"line":129,"column":null}},"45":{"start":{"line":131,"column":4},"end":{"line":131,"column":null}},"46":{"start":{"line":137,"column":2},"end":{"line":137,"column":null}},"47":{"start":{"line":138,"column":2},"end":{"line":138,"column":null}},"48":{"start":{"line":139,"column":2},"end":{"line":141,"column":null}},"49":{"start":{"line":140,"column":4},"end":{"line":140,"column":null}},"50":{"start":{"line":141,"column":4},"end":{"line":141,"column":null}},"51":{"start":{"line":144,"column":2},"end":{"line":144,"column":null}},"52":{"start":{"line":145,"column":2},"end":{"line":152,"column":null}},"53":{"start":{"line":146,"column":4},"end":{"line":149,"column":null}},"54":{"start":{"line":147,"column":6},"end":{"line":147,"column":null}},"55":{"start":{"line":149,"column":6},"end":{"line":149,"column":null}},"56":{"start":{"line":151,"column":4},"end":{"line":151,"column":null}},"57":{"start":{"line":152,"column":4},"end":{"line":152,"column":null}},"58":{"start":{"line":158,"column":2},"end":{"line":159,"column":null}},"59":{"start":{"line":159,"column":4},"end":{"line":159,"column":null}},"60":{"start":{"line":161,"column":2},"end":{"line":174,"column":null}},"61":{"start":{"line":162,"column":18},"end":{"line":162,"column":47}},"62":{"start":{"line":163,"column":27},"end":{"line":163,"column":63}},"63":{"start":{"line":164,"column":10},"end":{"line":164,"column":32}},"64":{"start":{"line":165,"column":4},"end":{"line":172,"column":null}},"65":{"start":{"line":166,"column":6},"end":{"line":172,"column":null}},"66":{"start":{"line":176,"column":2},"end":{"line":176,"column":null}},"67":{"start":{"line":181,"column":2},"end":{"line":183,"column":null}},"68":{"start":{"line":182,"column":4},"end":{"line":182,"column":null}},"69":{"start":{"line":183,"column":4},"end":{"line":183,"column":null}},"70":{"start":{"line":189,"column":2},"end":{"line":189,"column":null}},"71":{"start":{"line":194,"column":2},"end":{"line":194,"column":null}}},"fnMap":{"0":{"name":"emitAction","decl":{"start":{"line":36,"column":9},"end":{"line":36,"column":20}},"loc":{"start":{"line":36,"column":101},"end":{"line":39,"column":null}},"line":36},"1":{"name":"doFlushTypeBuffer","decl":{"start":{"line":44,"column":9},"end":{"line":44,"column":35}},"loc":{"start":{"line":44,"column":35},"end":{"line":45,"column":null}},"line":44},"2":{"name":"setupMouseClickDetection","decl":{"start":{"line":49,"column":16},"end":{"line":49,"column":49}},"loc":{"start":{"line":49,"column":49},"end":{"line":131,"column":null}},"line":49},"3":{"name":"(anonymous_3)","decl":{"start":{"line":85,"column":13},"end":{"line":85,"column":25}},"loc":{"start":{"line":85,"column":31},"end":{"line":122,"column":null}},"line":85},"4":{"name":"stopUiohook","decl":{"start":{"line":136,"column":16},"end":{"line":136,"column":36}},"loc":{"start":{"line":136,"column":36},"end":{"line":152,"column":null}},"line":136},"5":{"name":"startMouseTracking","decl":{"start":{"line":157,"column":16},"end":{"line":157,"column":43}},"loc":{"start":{"line":157,"column":43},"end":{"line":176,"column":null}},"line":157},"6":{"name":"(anonymous_6)","decl":{"start":{"line":161,"column":26},"end":{"line":161,"column":44}},"loc":{"start":{"line":161,"column":44},"end":{"line":174,"column":8}},"line":161},"7":{"name":"stopMouseTracking","decl":{"start":{"line":180,"column":16},"end":{"line":180,"column":42}},"loc":{"start":{"line":180,"column":42},"end":{"line":183,"column":null}},"line":180},"8":{"name":"hideSystemCursor","decl":{"start":{"line":188,"column":16},"end":{"line":188,"column":44}},"loc":{"start":{"line":188,"column":44},"end":{"line":189,"column":null}},"line":188},"9":{"name":"showSystemCursor","decl":{"start":{"line":193,"column":16},"end":{"line":193,"column":44}},"loc":{"start":{"line":193,"column":44},"end":{"line":194,"column":null}},"line":193}},"branchMap":{"0":{"loc":{"start":{"line":26,"column":0},"end":{"line":30,"column":null}},"type":"if","locations":[{"start":{"line":26,"column":0},"end":{"line":30,"column":null}},{"start":{},"end":{}}],"line":26},"1":{"loc":{"start":{"line":38,"column":2},"end":{"line":39,"column":null}},"type":"if","locations":[{"start":{"line":38,"column":2},"end":{"line":39,"column":null}},{"start":{},"end":{}}],"line":38},"2":{"loc":{"start":{"line":38,"column":6},"end":{"line":38,"column":33}},"type":"binary-expr","locations":[{"start":{"line":38,"column":6},"end":{"line":38,"column":14}},{"start":{"line":38,"column":14},"end":{"line":38,"column":33}}],"line":38},"3":{"loc":{"start":{"line":50,"column":2},"end":{"line":51,"column":null}},"type":"if","locations":[{"start":{"line":50,"column":2},"end":{"line":51,"column":null}},{"start":{},"end":{}}],"line":50},"4":{"loc":{"start":{"line":54,"column":2},"end":{"line":67,"column":null}},"type":"if","locations":[{"start":{"line":54,"column":2},"end":{"line":67,"column":null}},{"start":{},"end":{}}],"line":54},"5":{"loc":{"start":{"line":56,"column":4},"end":{"line":67,"column":null}},"type":"if","locations":[{"start":{"line":56,"column":4},"end":{"line":67,"column":null}},{"start":{},"end":{}}],"line":56},"6":{"loc":{"start":{"line":87,"column":4},"end":{"line":88,"column":null}},"type":"if","locations":[{"start":{"line":87,"column":4},"end":{"line":88,"column":null}},{"start":{},"end":{}}],"line":87},"7":{"loc":{"start":{"line":91,"column":24},"end":{"line":91,"column":null}},"type":"binary-expr","locations":[{"start":{"line":91,"column":24},"end":{"line":91,"column":37}},{"start":{"line":91,"column":37},"end":{"line":91,"column":50}},{"start":{"line":91,"column":50},"end":{"line":91,"column":null}}],"line":91},"8":{"loc":{"start":{"line":92,"column":4},"end":{"line":118,"column":null}},"type":"if","locations":[{"start":{"line":92,"column":4},"end":{"line":118,"column":null}},{"start":{"line":106,"column":11},"end":{"line":118,"column":null}}],"line":92},"9":{"loc":{"start":{"line":96,"column":6},"end":{"line":97,"column":null}},"type":"if","locations":[{"start":{"line":96,"column":6},"end":{"line":97,"column":null}},{"start":{},"end":{}}],"line":96},"10":{"loc":{"start":{"line":99,"column":26},"end":{"line":99,"column":null}},"type":"binary-expr","locations":[{"start":{"line":99,"column":26},"end":{"line":99,"column":60}},{"start":{"line":99,"column":60},"end":{"line":99,"column":null}}],"line":99},"11":{"loc":{"start":{"line":103,"column":16},"end":{"line":103,"column":54}},"type":"binary-expr","locations":[{"start":{"line":103,"column":16},"end":{"line":103,"column":31}},{"start":{"line":103,"column":16},"end":{"line":103,"column":54}}],"line":103},"12":{"loc":{"start":{"line":109,"column":6},"end":{"line":118,"column":null}},"type":"if","locations":[{"start":{"line":109,"column":6},"end":{"line":118,"column":null}},{"start":{"line":114,"column":17},"end":{"line":118,"column":null}}],"line":109},"13":{"loc":{"start":{"line":110,"column":27},"end":{"line":110,"column":null}},"type":"cond-expr","locations":[{"start":{"line":110,"column":40},"end":{"line":110,"column":56}},{"start":{"line":110,"column":59},"end":{"line":110,"column":null}}],"line":110},"14":{"loc":{"start":{"line":114,"column":17},"end":{"line":118,"column":null}},"type":"if","locations":[{"start":{"line":114,"column":17},"end":{"line":118,"column":null}},{"start":{},"end":{}}],"line":114},"15":{"loc":{"start":{"line":117,"column":8},"end":{"line":118,"column":null}},"type":"if","locations":[{"start":{"line":117,"column":8},"end":{"line":118,"column":null}},{"start":{},"end":{}}],"line":117},"16":{"loc":{"start":{"line":139,"column":2},"end":{"line":141,"column":null}},"type":"if","locations":[{"start":{"line":139,"column":2},"end":{"line":141,"column":null}},{"start":{},"end":{}}],"line":139},"17":{"loc":{"start":{"line":145,"column":2},"end":{"line":152,"column":null}},"type":"if","locations":[{"start":{"line":145,"column":2},"end":{"line":152,"column":null}},{"start":{},"end":{}}],"line":145},"18":{"loc":{"start":{"line":158,"column":2},"end":{"line":159,"column":null}},"type":"if","locations":[{"start":{"line":158,"column":2},"end":{"line":159,"column":null}},{"start":{},"end":{}}],"line":158},"19":{"loc":{"start":{"line":165,"column":4},"end":{"line":172,"column":null}},"type":"if","locations":[{"start":{"line":165,"column":4},"end":{"line":172,"column":null}},{"start":{},"end":{}}],"line":165},"20":{"loc":{"start":{"line":165,"column":8},"end":{"line":165,"column":35}},"type":"binary-expr","locations":[{"start":{"line":165,"column":8},"end":{"line":165,"column":16}},{"start":{"line":165,"column":16},"end":{"line":165,"column":35}}],"line":165},"21":{"loc":{"start":{"line":181,"column":2},"end":{"line":183,"column":null}},"type":"if","locations":[{"start":{"line":181,"column":2},"end":{"line":183,"column":null}},{"start":{},"end":{}}],"line":181},"22":{"loc":{"start":{"line":189,"column":9},"end":{"line":189,"column":null}},"type":"binary-expr","locations":[{"start":{"line":189,"column":9},"end":{"line":189,"column":49}},{"start":{"line":189,"column":53},"end":{"line":189,"column":null}}],"line":189},"23":{"loc":{"start":{"line":194,"column":9},"end":{"line":194,"column":null}},"type":"binary-expr","locations":[{"start":{"line":194,"column":9},"end":{"line":194,"column":50}},{"start":{"line":194,"column":54},"end":{"line":194,"column":null}}],"line":194}},"s":{"0":0,"1":0,"2":0,"3":0,"4":0,"5":0,"6":0,"7":0,"8":0,"9":0,"10":0,"11":0,"12":0,"13":0,"14":0,"15":0,"16":0,"17":0,"18":0,"19":0,"20":0,"21":0,"22":0,"23":0,"24":0,"25":0,"26":0,"27":0,"28":0,"29":0,"30":0,"31":0,"32":0,"33":0,"34":0,"35":0,"36":0,"37":0,"38":0,"39":0,"40":0,"41":0,"42":0,"43":0,"44":0,"45":0,"46":0,"47":0,"48":0,"49":0,"50":0,"51":0,"52":0,"53":0,"54":0,"55":0,"56":0,"57":0,"58":0,"59":0,"60":0,"61":0,"62":0,"63":0,"64":0,"65":0,"66":0,"67":0,"68":0,"69":0,"70":0,"71":0},"f":{"0":0,"1":0,"2":0,"3":0,"4":0,"5":0,"6":0,"7":0,"8":0,"9":0},"b":{"0":[0,0],"1":[0,0],"2":[0,0],"3":[0,0],"4":[0,0],"5":[0,0],"6":[0,0],"7":[0,0,0],"8":[0,0],"9":[0,0],"10":[0,0],"11":[0,0],"12":[0,0],"13":[0,0],"14":[0,0],"15":[0,0],"16":[0,0],"17":[0,0],"18":[0,0],"19":[0,0],"20":[0,0],"21":[0,0],"22":[0,0],"23":[0,0]},"meta":{"lastBranch":24,"lastFunction":10,"lastStatement":72,"seen":{"s:21:23:21:Infinity":0,"s:22:67:22:Infinity":1,"s:25:82:25:Infinity":2,"b:26:0:30:Infinity:undefined:undefined:undefined:undefined":0,"s:26:0:30:Infinity":3,"s:27:2:30:Infinity":4,"s:29:4:29:Infinity":5,"f:36:9:36:20":0,"s:37:8:37:30":6,"b:38:2:39:Infinity:undefined:undefined:undefined:undefined":1,"s:38:2:39:Infinity":7,"b:38:6:38:14:38:14:38:33":2,"s:39:4:39:Infinity":8,"f:44:9:44:35":1,"s:45:2:45:Infinity":9,"f:49:16:49:49":2,"b:50:2:51:Infinity:undefined:undefined:undefined:undefined":3,"s:50:2:51:Infinity":10,"s:51:4:51:Infinity":11,"b:54:2:67:Infinity:undefined:undefined:undefined:undefined":4,"s:54:2:67:Infinity":12,"s:55:22:55:74":13,"b:56:4:67:Infinity:undefined:undefined:undefined:undefined":5,"s:56:4:67:Infinity":14,"s:57:6:57:Infinity":15,"s:58:6:66:Infinity":16,"s:67:6:67:Infinity":17,"s:72:8:78:Infinity":18,"s:81:2:81:Infinity":19,"s:82:2:82:Infinity":20,"s:85:2:122:Infinity":21,"f:85:13:85:25":3,"b:87:4:88:Infinity:undefined:undefined:undefined:undefined":6,"s:87:4:88:Infinity":22,"s:88:6:88:Infinity":23,"s:90:4:90:Infinity":24,"s:91:24:91:Infinity":25,"b:91:24:91:37:91:37:91:50:91:50:91:Infinity":7,"b:92:4:118:Infinity:106:11:118:Infinity":8,"s:92:4:118:Infinity":26,"s:94:6:94:Infinity":27,"s:95:12:95:49":28,"b:96:6:97:Infinity:undefined:undefined:undefined:undefined":9,"s:96:6:97:Infinity":29,"s:97:8:97:Infinity":30,"s:99:26:99:Infinity":31,"b:99:26:99:60:99:60:99:Infinity":10,"s:100:6:105:Infinity":32,"b:103:16:103:31:103:16:103:54":11,"s:108:17:108:Infinity":33,"b:109:6:118:Infinity:114:17:118:Infinity":12,"s:109:6:118:Infinity":34,"s:110:27:110:Infinity":35,"b:110:40:110:56:110:59:110:Infinity":13,"s:111:8:111:Infinity":36,"s:113:8:113:Infinity":37,"b:114:17:118:Infinity:undefined:undefined:undefined:undefined":14,"s:114:17:118:Infinity":38,"b:117:8:118:Infinity:undefined:undefined:undefined:undefined":15,"s:117:8:118:Infinity":39,"s:118:10:118:Infinity":40,"s:125:2:125:Infinity":41,"s:127:2:131:Infinity":42,"s:128:4:128:Infinity":43,"s:129:4:129:Infinity":44,"s:131:4:131:Infinity":45,"f:136:16:136:36":4,"s:137:2:137:Infinity":46,"s:138:2:138:Infinity":47,"b:139:2:141:Infinity:undefined:undefined:undefined:undefined":16,"s:139:2:141:Infinity":48,"s:140:4:140:Infinity":49,"s:141:4:141:Infinity":50,"s:144:2:144:Infinity":51,"b:145:2:152:Infinity:undefined:undefined:undefined:undefined":17,"s:145:2:152:Infinity":52,"s:146:4:149:Infinity":53,"s:147:6:147:Infinity":54,"s:149:6:149:Infinity":55,"s:151:4:151:Infinity":56,"s:152:4:152:Infinity":57,"f:157:16:157:43":5,"b:158:2:159:Infinity:undefined:undefined:undefined:undefined":18,"s:158:2:159:Infinity":58,"s:159:4:159:Infinity":59,"s:161:2:174:Infinity":60,"f:161:26:161:44":6,"s:162:18:162:47":61,"s:163:27:163:63":62,"s:164:10:164:32":63,"b:165:4:172:Infinity:undefined:undefined:undefined:undefined":19,"s:165:4:172:Infinity":64,"b:165:8:165:16:165:16:165:35":20,"s:166:6:172:Infinity":65,"s:176:2:176:Infinity":66,"f:180:16:180:42":7,"b:181:2:183:Infinity:undefined:undefined:undefined:undefined":21,"s:181:2:183:Infinity":67,"s:182:4:182:Infinity":68,"s:183:4:183:Infinity":69,"f:188:16:188:44":8,"s:189:2:189:Infinity":70,"b:189:9:189:49:189:53:189:Infinity":22,"f:193:16:193:44":9,"s:194:2:194:Infinity":71,"b:194:9:194:50:194:54:194:Infinity":23}}}
,"/mnt/e/Projects/Yaatuber/src/main/input/keyboard.ts": {"path":"/mnt/e/Projects/Yaatuber/src/main/input/keyboard.ts","statementMap":{"0":{"start":{"line":6,"column":55},"end":{"line":6,"column":57}},"1":{"start":{"line":7,"column":55},"end":{"line":7,"column":57}},"2":{"start":{"line":10,"column":19},"end":{"line":10,"column":null}},"3":{"start":{"line":11,"column":0},"end":{"line":13,"column":null}},"4":{"start":{"line":12,"column":16},"end":{"line":12,"column":null}},"5":{"start":{"line":13,"column":2},"end":{"line":13,"column":null}},"6":{"start":{"line":16,"column":0},"end":{"line":18,"column":null}},"7":{"start":{"line":16,"column":13},"end":{"line":16,"column":16}},"8":{"start":{"line":17,"column":16},"end":{"line":17,"column":null}},"9":{"start":{"line":18,"column":2},"end":{"line":18,"column":null}},"10":{"start":{"line":22,"column":38},"end":{"line":35,"column":null}},"11":{"start":{"line":36,"column":0},"end":{"line":37,"column":null}},"12":{"start":{"line":37,"column":2},"end":{"line":37,"column":null}},"13":{"start":{"line":41,"column":42},"end":{"line":55,"column":null}},"14":{"start":{"line":56,"column":0},"end":{"line":57,"column":null}},"15":{"start":{"line":57,"column":2},"end":{"line":57,"column":null}},"16":{"start":{"line":61,"column":0},"end":{"line":63,"column":null}},"17":{"start":{"line":61,"column":13},"end":{"line":61,"column":16}},"18":{"start":{"line":62,"column":15},"end":{"line":62,"column":null}},"19":{"start":{"line":63,"column":2},"end":{"line":63,"column":null}},"20":{"start":{"line":67,"column":33},"end":{"line":76,"column":2}},"21":{"start":{"line":86,"column":26},"end":{"line":86,"column":28}},"22":{"start":{"line":87,"column":2},"end":{"line":88,"column":null}},"23":{"start":{"line":88,"column":4},"end":{"line":88,"column":null}},"24":{"start":{"line":90,"column":2},"end":{"line":91,"column":null}},"25":{"start":{"line":91,"column":4},"end":{"line":91,"column":null}},"26":{"start":{"line":93,"column":2},"end":{"line":94,"column":null}},"27":{"start":{"line":94,"column":4},"end":{"line":94,"column":null}},"28":{"start":{"line":96,"column":2},"end":{"line":97,"column":null}},"29":{"start":{"line":97,"column":4},"end":{"line":97,"column":null}},"30":{"start":{"line":100,"column":19},"end":{"line":100,"column":null}},"31":{"start":{"line":101,"column":19},"end":{"line":101,"column":null}},"32":{"start":{"line":102,"column":2},"end":{"line":107,"column":null}},"33":{"start":{"line":103,"column":4},"end":{"line":103,"column":null}},"34":{"start":{"line":104,"column":13},"end":{"line":107,"column":null}},"35":{"start":{"line":105,"column":4},"end":{"line":105,"column":null}},"36":{"start":{"line":107,"column":4},"end":{"line":107,"column":null}},"37":{"start":{"line":109,"column":2},"end":{"line":109,"column":null}},"38":{"start":{"line":114,"column":17},"end":{"line":114,"column":null}},"39":{"start":{"line":115,"column":59},"end":{"line":115,"column":null}},"40":{"start":{"line":116,"column":35},"end":{"line":116,"column":null}},"41":{"start":{"line":117,"column":25},"end":{"line":117,"column":null}},"42":{"start":{"line":120,"column":2},"end":{"line":120,"column":null}},"43":{"start":{"line":124,"column":2},"end":{"line":124,"column":null}},"44":{"start":{"line":128,"column":2},"end":{"line":128,"column":null}},"45":{"start":{"line":132,"column":2},"end":{"line":133,"column":null}},"46":{"start":{"line":133,"column":4},"end":{"line":133,"column":null}},"47":{"start":{"line":135,"column":2},"end":{"line":135,"column":null}},"48":{"start":{"line":139,"column":2},"end":{"line":141,"column":null}},"49":{"start":{"line":140,"column":4},"end":{"line":140,"column":null}},"50":{"start":{"line":141,"column":4},"end":{"line":141,"column":null}},"51":{"start":{"line":150,"column":2},"end":{"line":151,"column":null}},"52":{"start":{"line":151,"column":4},"end":{"line":151,"column":null}},"53":{"start":{"line":153,"column":15},"end":{"line":153,"column":null}},"54":{"start":{"line":154,"column":2},"end":{"line":154,"column":null}},"55":{"start":{"line":155,"column":2},"end":{"line":160,"column":null}}},"fnMap":{"0":{"name":"buildShortcutLabel","decl":{"start":{"line":79,"column":16},"end":{"line":79,"column":35}},"loc":{"start":{"line":85,"column":11},"end":{"line":109,"column":null}},"line":85},"1":{"name":"getTypeBuffer","decl":{"start":{"line":119,"column":16},"end":{"line":119,"column":40}},"loc":{"start":{"line":119,"column":40},"end":{"line":120,"column":null}},"line":119},"2":{"name":"appendToTypeBuffer","decl":{"start":{"line":123,"column":16},"end":{"line":123,"column":35}},"loc":{"start":{"line":123,"column":53},"end":{"line":124,"column":null}},"line":123},"3":{"name":"clearTypeBuffer","decl":{"start":{"line":127,"column":16},"end":{"line":127,"column":40}},"loc":{"start":{"line":127,"column":40},"end":{"line":128,"column":null}},"line":127},"4":{"name":"resetFlushTimer","decl":{"start":{"line":131,"column":16},"end":{"line":131,"column":32}},"loc":{"start":{"line":131,"column":59},"end":{"line":135,"column":null}},"line":131},"5":{"name":"clearFlushTimer","decl":{"start":{"line":138,"column":16},"end":{"line":138,"column":40}},"loc":{"start":{"line":138,"column":40},"end":{"line":141,"column":null}},"line":138},"6":{"name":"flushTypeBuffer","decl":{"start":{"line":146,"column":16},"end":{"line":146,"column":null}},"loc":{"start":{"line":149,"column":8},"end":{"line":160,"column":null}},"line":149}},"branchMap":{"0":{"loc":{"start":{"line":87,"column":2},"end":{"line":88,"column":null}},"type":"if","locations":[{"start":{"line":87,"column":2},"end":{"line":88,"column":null}},{"start":{},"end":{}}],"line":87},"1":{"loc":{"start":{"line":90,"column":2},"end":{"line":91,"column":null}},"type":"if","locations":[{"start":{"line":90,"column":2},"end":{"line":91,"column":null}},{"start":{},"end":{}}],"line":90},"2":{"loc":{"start":{"line":93,"column":2},"end":{"line":94,"column":null}},"type":"if","locations":[{"start":{"line":93,"column":2},"end":{"line":94,"column":null}},{"start":{},"end":{}}],"line":93},"3":{"loc":{"start":{"line":96,"column":2},"end":{"line":97,"column":null}},"type":"if","locations":[{"start":{"line":96,"column":2},"end":{"line":97,"column":null}},{"start":{},"end":{}}],"line":96},"4":{"loc":{"start":{"line":102,"column":2},"end":{"line":107,"column":null}},"type":"if","locations":[{"start":{"line":102,"column":2},"end":{"line":107,"column":null}},{"start":{"line":104,"column":13},"end":{"line":107,"column":null}}],"line":102},"5":{"loc":{"start":{"line":104,"column":13},"end":{"line":107,"column":null}},"type":"if","locations":[{"start":{"line":104,"column":13},"end":{"line":107,"column":null}},{"start":{"line":106,"column":9},"end":{"line":107,"column":null}}],"line":104},"6":{"loc":{"start":{"line":132,"column":2},"end":{"line":133,"column":null}},"type":"if","locations":[{"start":{"line":132,"column":2},"end":{"line":133,"column":null}},{"start":{},"end":{}}],"line":132},"7":{"loc":{"start":{"line":139,"column":2},"end":{"line":141,"column":null}},"type":"if","locations":[{"start":{"line":139,"column":2},"end":{"line":141,"column":null}},{"start":{},"end":{}}],"line":139},"8":{"loc":{"start":{"line":150,"column":2},"end":{"line":151,"column":null}},"type":"if","locations":[{"start":{"line":150,"column":2},"end":{"line":151,"column":null}},{"start":{},"end":{}}],"line":150},"9":{"loc":{"start":{"line":153,"column":15},"end":{"line":153,"column":null}},"type":"cond-expr","locations":[{"start":{"line":153,"column":54},"end":{"line":153,"column":89}},{"start":{"line":153,"column":92},"end":{"line":153,"column":null}}],"line":153}},"s":{"0":0,"1":0,"2":0,"3":0,"4":0,"5":0,"6":0,"7":0,"8":0,"9":0,"10":0,"11":0,"12":0,"13":0,"14":0,"15":0,"16":0,"17":0,"18":0,"19":0,"20":0,"21":0,"22":0,"23":0,"24":0,"25":0,"26":0,"27":0,"28":0,"29":0,"30":0,"31":0,"32":0,"33":0,"34":0,"35":0,"36":0,"37":0,"38":0,"39":0,"40":0,"41":0,"42":0,"43":0,"44":0,"45":0,"46":0,"47":0,"48":0,"49":0,"50":0,"51":0,"52":0,"53":0,"54":0,"55":0},"f":{"0":0,"1":0,"2":0,"3":0,"4":0,"5":0,"6":0},"b":{"0":[0,0],"1":[0,0],"2":[0,0],"3":[0,0],"4":[0,0],"5":[0,0],"6":[0,0],"7":[0,0],"8":[0,0],"9":[0,0]},"meta":{"lastBranch":10,"lastFunction":7,"lastStatement":56,"seen":{"s:6:55:6:57":0,"s:7:55:7:57":1,"s:10:19:10:Infinity":2,"s:11:0:13:Infinity":3,"s:12:16:12:Infinity":4,"s:13:2:13:Infinity":5,"s:16:0:18:Infinity":6,"s:16:13:16:16":7,"s:17:16:17:Infinity":8,"s:18:2:18:Infinity":9,"s:22:38:35:Infinity":10,"s:36:0:37:Infinity":11,"s:37:2:37:Infinity":12,"s:41:42:55:Infinity":13,"s:56:0:57:Infinity":14,"s:57:2:57:Infinity":15,"s:61:0:63:Infinity":16,"s:61:13:61:16":17,"s:62:15:62:Infinity":18,"s:63:2:63:Infinity":19,"s:67:33:76:2":20,"f:79:16:79:35":0,"s:86:26:86:28":21,"b:87:2:88:Infinity:undefined:undefined:undefined:undefined":0,"s:87:2:88:Infinity":22,"s:88:4:88:Infinity":23,"b:90:2:91:Infinity:undefined:undefined:undefined:undefined":1,"s:90:2:91:Infinity":24,"s:91:4:91:Infinity":25,"b:93:2:94:Infinity:undefined:undefined:undefined:undefined":2,"s:93:2:94:Infinity":26,"s:94:4:94:Infinity":27,"b:96:2:97:Infinity:undefined:undefined:undefined:undefined":3,"s:96:2:97:Infinity":28,"s:97:4:97:Infinity":29,"s:100:19:100:Infinity":30,"s:101:19:101:Infinity":31,"b:102:2:107:Infinity:104:13:107:Infinity":4,"s:102:2:107:Infinity":32,"s:103:4:103:Infinity":33,"b:104:13:107:Infinity:106:9:107:Infinity":5,"s:104:13:107:Infinity":34,"s:105:4:105:Infinity":35,"s:107:4:107:Infinity":36,"s:109:2:109:Infinity":37,"s:114:17:114:Infinity":38,"s:115:59:115:Infinity":39,"s:116:35:116:Infinity":40,"s:117:25:117:Infinity":41,"f:119:16:119:40":1,"s:120:2:120:Infinity":42,"f:123:16:123:35":2,"s:124:2:124:Infinity":43,"f:127:16:127:40":3,"s:128:2:128:Infinity":44,"f:131:16:131:32":4,"b:132:2:133:Infinity:undefined:undefined:undefined:undefined":6,"s:132:2:133:Infinity":45,"s:133:4:133:Infinity":46,"s:135:2:135:Infinity":47,"f:138:16:138:40":5,"b:139:2:141:Infinity:undefined:undefined:undefined:undefined":7,"s:139:2:141:Infinity":48,"s:140:4:140:Infinity":49,"s:141:4:141:Infinity":50,"f:146:16:146:Infinity":6,"b:150:2:151:Infinity:undefined:undefined:undefined:undefined":8,"s:150:2:151:Infinity":51,"s:151:4:151:Infinity":52,"s:153:15:153:Infinity":53,"b:153:54:153:89:153:92:153:Infinity":9,"s:154:2:154:Infinity":54,"s:155:2:160:Infinity":55}}}
,"/mnt/e/Projects/Yaatuber/src/main/input/mouse.ts": {"path":"/mnt/e/Projects/Yaatuber/src/main/input/mouse.ts","statementMap":{"0":{"start":{"line":35,"column":29},"end":{"line":35,"column":null}},"1":{"start":{"line":36,"column":29},"end":{"line":36,"column":null}},"2":{"start":{"line":38,"column":2},"end":{"line":82,"column":null}},"3":{"start":{"line":41,"column":6},"end":{"line":54,"column":null}},"4":{"start":{"line":42,"column":21},"end":{"line":42,"column":36}},"5":{"start":{"line":43,"column":8},"end":{"line":44,"column":null}},"6":{"start":{"line":44,"column":10},"end":{"line":44,"column":null}},"7":{"start":{"line":47,"column":8},"end":{"line":47,"column":null}},"8":{"start":{"line":48,"column":8},"end":{"line":48,"column":null}},"9":{"start":{"line":49,"column":8},"end":{"line":54,"column":null}},"10":{"start":{"line":59,"column":6},"end":{"line":62,"column":null}},"11":{"start":{"line":60,"column":21},"end":{"line":60,"column":36}},"12":{"start":{"line":61,"column":8},"end":{"line":62,"column":null}},"13":{"start":{"line":62,"column":10},"end":{"line":62,"column":null}},"14":{"start":{"line":68,"column":18},"end":{"line":68,"column":28}},"15":{"start":{"line":69,"column":6},"end":{"line":70,"column":null}},"16":{"start":{"line":70,"column":8},"end":{"line":70,"column":null}},"17":{"start":{"line":72,"column":6},"end":{"line":72,"column":null}},"18":{"start":{"line":73,"column":6},"end":{"line":73,"column":null}},"19":{"start":{"line":74,"column":24},"end":{"line":74,"column":null}},"20":{"start":{"line":75,"column":6},"end":{"line":80,"column":null}}},"fnMap":{"0":{"name":"createMouseHandlers","decl":{"start":{"line":26,"column":16},"end":{"line":26,"column":null}},"loc":{"start":{"line":33,"column":17},"end":{"line":82,"column":null}},"line":33},"1":{"name":"(anonymous_1)","decl":{"start":{"line":39,"column":4},"end":{"line":39,"column":14}},"loc":{"start":{"line":39,"column":17},"end":{"line":54,"column":null}},"line":39},"2":{"name":"(anonymous_2)","decl":{"start":{"line":58,"column":4},"end":{"line":58,"column":12}},"loc":{"start":{"line":58,"column":15},"end":{"line":62,"column":null}},"line":58},"3":{"name":"(anonymous_3)","decl":{"start":{"line":67,"column":4},"end":{"line":67,"column":10}},"loc":{"start":{"line":67,"column":13},"end":{"line":80,"column":null}},"line":67}},"branchMap":{"0":{"loc":{"start":{"line":41,"column":6},"end":{"line":54,"column":null}},"type":"if","locations":[{"start":{"line":41,"column":6},"end":{"line":54,"column":null}},{"start":{},"end":{}}],"line":41},"1":{"loc":{"start":{"line":43,"column":8},"end":{"line":44,"column":null}},"type":"if","locations":[{"start":{"line":43,"column":8},"end":{"line":44,"column":null}},{"start":{},"end":{}}],"line":43},"2":{"loc":{"start":{"line":43,"column":12},"end":{"line":43,"column":39}},"type":"binary-expr","locations":[{"start":{"line":43,"column":12},"end":{"line":43,"column":20}},{"start":{"line":43,"column":20},"end":{"line":43,"column":39}}],"line":43},"3":{"loc":{"start":{"line":51,"column":17},"end":{"line":51,"column":null}},"type":"binary-expr","locations":[{"start":{"line":51,"column":17},"end":{"line":51,"column":40}},{"start":{"line":51,"column":44},"end":{"line":51,"column":null}}],"line":51},"4":{"loc":{"start":{"line":59,"column":6},"end":{"line":62,"column":null}},"type":"if","locations":[{"start":{"line":59,"column":6},"end":{"line":62,"column":null}},{"start":{},"end":{}}],"line":59},"5":{"loc":{"start":{"line":61,"column":8},"end":{"line":62,"column":null}},"type":"if","locations":[{"start":{"line":61,"column":8},"end":{"line":62,"column":null}},{"start":{},"end":{}}],"line":61},"6":{"loc":{"start":{"line":61,"column":12},"end":{"line":61,"column":39}},"type":"binary-expr","locations":[{"start":{"line":61,"column":12},"end":{"line":61,"column":20}},{"start":{"line":61,"column":20},"end":{"line":61,"column":39}}],"line":61},"7":{"loc":{"start":{"line":69,"column":6},"end":{"line":70,"column":null}},"type":"if","locations":[{"start":{"line":69,"column":6},"end":{"line":70,"column":null}},{"start":{},"end":{}}],"line":69},"8":{"loc":{"start":{"line":74,"column":24},"end":{"line":74,"column":null}},"type":"cond-expr","locations":[{"start":{"line":74,"column":41},"end":{"line":74,"column":50}},{"start":{"line":74,"column":50},"end":{"line":74,"column":null}}],"line":74}},"s":{"0":0,"1":0,"2":0,"3":0,"4":0,"5":0,"6":0,"7":0,"8":0,"9":0,"10":0,"11":0,"12":0,"13":0,"14":0,"15":0,"16":0,"17":0,"18":0,"19":0,"20":0},"f":{"0":0,"1":0,"2":0,"3":0},"b":{"0":[0,0],"1":[0,0],"2":[0,0],"3":[0,0],"4":[0,0],"5":[0,0],"6":[0,0],"7":[0,0],"8":[0,0]},"meta":{"lastBranch":9,"lastFunction":4,"lastStatement":21,"seen":{"f:26:16:26:Infinity":0,"s:35:29:35:Infinity":0,"s:36:29:36:Infinity":1,"s:38:2:82:Infinity":2,"f:39:4:39:14":1,"b:41:6:54:Infinity:undefined:undefined:undefined:undefined":0,"s:41:6:54:Infinity":3,"s:42:21:42:36":4,"b:43:8:44:Infinity:undefined:undefined:undefined:undefined":1,"s:43:8:44:Infinity":5,"b:43:12:43:20:43:20:43:39":2,"s:44:10:44:Infinity":6,"s:47:8:47:Infinity":7,"s:48:8:48:Infinity":8,"s:49:8:54:Infinity":9,"b:51:17:51:40:51:44:51:Infinity":3,"f:58:4:58:12":2,"b:59:6:62:Infinity:undefined:undefined:undefined:undefined":4,"s:59:6:62:Infinity":10,"s:60:21:60:36":11,"b:61:8:62:Infinity:undefined:undefined:undefined:undefined":5,"s:61:8:62:Infinity":12,"b:61:12:61:20:61:20:61:39":6,"s:62:10:62:Infinity":13,"f:67:4:67:10":3,"s:68:18:68:28":14,"b:69:6:70:Infinity:undefined:undefined:undefined:undefined":7,"s:69:6:70:Infinity":15,"s:70:8:70:Infinity":16,"s:72:6:72:Infinity":17,"s:73:6:73:Infinity":18,"s:74:24:74:Infinity":19,"b:74:41:74:50:74:50:74:Infinity":8,"s:75:6:80:Infinity":20}}}
,"/mnt/e/Projects/Yaatuber/src/main/ipc/app-control.ts": {"path":"/mnt/e/Projects/Yaatuber/src/main/ipc/app-control.ts","statementMap":{"0":{"start":{"line":6,"column":2},"end":{"line":11,"column":null}},"1":{"start":{"line":7,"column":4},"end":{"line":8,"column":null}},"2":{"start":{"line":8,"column":6},"end":{"line":8,"column":null}},"3":{"start":{"line":10,"column":4},"end":{"line":10,"column":null}},"4":{"start":{"line":13,"column":2},"end":{"line":20,"column":null}},"5":{"start":{"line":14,"column":4},"end":{"line":15,"column":null}},"6":{"start":{"line":15,"column":6},"end":{"line":15,"column":null}},"7":{"start":{"line":17,"column":4},"end":{"line":18,"column":null}},"8":{"start":{"line":18,"column":6},"end":{"line":18,"column":null}},"9":{"start":{"line":22,"column":2},"end":{"line":49,"column":null}},"10":{"start":{"line":23,"column":4},"end":{"line":24,"column":null}},"11":{"start":{"line":24,"column":6},"end":{"line":24,"column":null}},"12":{"start":{"line":26,"column":4},"end":{"line":47,"column":null}},"13":{"start":{"line":27,"column":29},"end":{"line":27,"column":45}},"14":{"start":{"line":28,"column":23},"end":{"line":35,"column":null}},"15":{"start":{"line":37,"column":6},"end":{"line":38,"column":null}},"16":{"start":{"line":38,"column":8},"end":{"line":38,"column":null}},"17":{"start":{"line":40,"column":20},"end":{"line":40,"column":41}},"18":{"start":{"line":41,"column":28},"end":{"line":41,"column":59}},"19":{"start":{"line":43,"column":8},"end":{"line":43,"column":null}},"20":{"start":{"line":44,"column":6},"end":{"line":44,"column":null}},"21":{"start":{"line":46,"column":6},"end":{"line":46,"column":null}},"22":{"start":{"line":47,"column":6},"end":{"line":47,"column":null}}},"fnMap":{"0":{"name":"registerAppControlHandlers","decl":{"start":{"line":5,"column":16},"end":{"line":5,"column":51}},"loc":{"start":{"line":5,"column":51},"end":{"line":49,"column":null}},"line":5},"1":{"name":"(anonymous_1)","decl":{"start":{"line":6,"column":22},"end":{"line":6,"column":33}},"loc":{"start":{"line":6,"column":43},"end":{"line":11,"column":null}},"line":6},"2":{"name":"(anonymous_2)","decl":{"start":{"line":13,"column":45},"end":{"line":13,"column":52}},"loc":{"start":{"line":13,"column":75},"end":{"line":20,"column":null}},"line":13},"3":{"name":"(anonymous_3)","decl":{"start":{"line":22,"column":44},"end":{"line":22,"column":51}},"loc":{"start":{"line":22,"column":61},"end":{"line":49,"column":null}},"line":22}},"branchMap":{"0":{"loc":{"start":{"line":7,"column":4},"end":{"line":8,"column":null}},"type":"if","locations":[{"start":{"line":7,"column":4},"end":{"line":8,"column":null}},{"start":{},"end":{}}],"line":7},"1":{"loc":{"start":{"line":14,"column":4},"end":{"line":15,"column":null}},"type":"if","locations":[{"start":{"line":14,"column":4},"end":{"line":15,"column":null}},{"start":{},"end":{}}],"line":14},"2":{"loc":{"start":{"line":17,"column":4},"end":{"line":18,"column":null}},"type":"if","locations":[{"start":{"line":17,"column":4},"end":{"line":18,"column":null}},{"start":{},"end":{}}],"line":17},"3":{"loc":{"start":{"line":17,"column":8},"end":{"line":17,"column":61}},"type":"binary-expr","locations":[{"start":{"line":17,"column":8},"end":{"line":17,"column":35}},{"start":{"line":17,"column":35},"end":{"line":17,"column":61}}],"line":17},"4":{"loc":{"start":{"line":23,"column":4},"end":{"line":24,"column":null}},"type":"if","locations":[{"start":{"line":23,"column":4},"end":{"line":24,"column":null}},{"start":{},"end":{}}],"line":23},"5":{"loc":{"start":{"line":37,"column":6},"end":{"line":38,"column":null}},"type":"if","locations":[{"start":{"line":37,"column":6},"end":{"line":38,"column":null}},{"start":{},"end":{}}],"line":37}},"s":{"0":0,"1":0,"2":0,"3":0,"4":0,"5":0,"6":0,"7":0,"8":0,"9":0,"10":0,"11":0,"12":0,"13":0,"14":0,"15":0,"16":0,"17":0,"18":0,"19":0,"20":0,"21":0,"22":0},"f":{"0":0,"1":0,"2":0,"3":0},"b":{"0":[0,0],"1":[0,0],"2":[0,0],"3":[0,0],"4":[0,0],"5":[0,0]},"meta":{"lastBranch":6,"lastFunction":4,"lastStatement":23,"seen":{"f:5:16:5:51":0,"s:6:2:11:Infinity":0,"f:6:22:6:33":1,"b:7:4:8:Infinity:undefined:undefined:undefined:undefined":0,"s:7:4:8:Infinity":1,"s:8:6:8:Infinity":2,"s:10:4:10:Infinity":3,"s:13:2:20:Infinity":4,"f:13:45:13:52":2,"b:14:4:15:Infinity:undefined:undefined:undefined:undefined":1,"s:14:4:15:Infinity":5,"s:15:6:15:Infinity":6,"b:17:4:18:Infinity:undefined:undefined:undefined:undefined":2,"s:17:4:18:Infinity":7,"b:17:8:17:35:17:35:17:61":3,"s:18:6:18:Infinity":8,"s:22:2:49:Infinity":9,"f:22:44:22:51":3,"b:23:4:24:Infinity:undefined:undefined:undefined:undefined":4,"s:23:4:24:Infinity":10,"s:24:6:24:Infinity":11,"s:26:4:47:Infinity":12,"s:27:29:27:45":13,"s:28:23:35:Infinity":14,"b:37:6:38:Infinity:undefined:undefined:undefined:undefined":5,"s:37:6:38:Infinity":15,"s:38:8:38:Infinity":16,"s:40:20:40:41":17,"s:41:28:41:59":18,"s:43:8:43:Infinity":19,"s:44:6:44:Infinity":20,"s:46:6:46:Infinity":21,"s:47:6:47:Infinity":22}}}
,"/mnt/e/Projects/Yaatuber/src/main/ipc/config.ts": {"path":"/mnt/e/Projects/Yaatuber/src/main/ipc/config.ts","statementMap":{"0":{"start":{"line":7,"column":2},"end":{"line":12,"column":null}},"1":{"start":{"line":8,"column":4},"end":{"line":9,"column":null}},"2":{"start":{"line":9,"column":6},"end":{"line":9,"column":null}},"3":{"start":{"line":11,"column":4},"end":{"line":11,"column":null}},"4":{"start":{"line":14,"column":2},"end":{"line":19,"column":null}},"5":{"start":{"line":15,"column":4},"end":{"line":16,"column":null}},"6":{"start":{"line":16,"column":6},"end":{"line":16,"column":null}},"7":{"start":{"line":18,"column":4},"end":{"line":18,"column":null}}},"fnMap":{"0":{"name":"registerConfigHandlers","decl":{"start":{"line":6,"column":16},"end":{"line":6,"column":47}},"loc":{"start":{"line":6,"column":47},"end":{"line":19,"column":null}},"line":6},"1":{"name":"(anonymous_1)","decl":{"start":{"line":7,"column":26},"end":{"line":7,"column":39}},"loc":{"start":{"line":7,"column":49},"end":{"line":12,"column":null}},"line":7},"2":{"name":"(anonymous_2)","decl":{"start":{"line":14,"column":22},"end":{"line":14,"column":36}},"loc":{"start":{"line":14,"column":55},"end":{"line":19,"column":null}},"line":14}},"branchMap":{"0":{"loc":{"start":{"line":8,"column":4},"end":{"line":9,"column":null}},"type":"if","locations":[{"start":{"line":8,"column":4},"end":{"line":9,"column":null}},{"start":{},"end":{}}],"line":8},"1":{"loc":{"start":{"line":15,"column":4},"end":{"line":16,"column":null}},"type":"if","locations":[{"start":{"line":15,"column":4},"end":{"line":16,"column":null}},{"start":{},"end":{}}],"line":15}},"s":{"0":0,"1":0,"2":0,"3":0,"4":0,"5":0,"6":0,"7":0},"f":{"0":0,"1":0,"2":0},"b":{"0":[0,0],"1":[0,0]},"meta":{"lastBranch":2,"lastFunction":3,"lastStatement":8,"seen":{"f:6:16:6:47":0,"s:7:2:12:Infinity":0,"f:7:26:7:39":1,"b:8:4:9:Infinity:undefined:undefined:undefined:undefined":0,"s:8:4:9:Infinity":1,"s:9:6:9:Infinity":2,"s:11:4:11:Infinity":3,"s:14:2:19:Infinity":4,"f:14:22:14:36":2,"b:15:4:16:Infinity:undefined:undefined:undefined:undefined":1,"s:15:4:16:Infinity":5,"s:16:6:16:Infinity":6,"s:18:4:18:Infinity":7}}}
,"/mnt/e/Projects/Yaatuber/src/main/ipc/devices.ts": {"path":"/mnt/e/Projects/Yaatuber/src/main/ipc/devices.ts","statementMap":{"0":{"start":{"line":18,"column":2},"end":{"line":19,"column":null}},"1":{"start":{"line":19,"column":4},"end":{"line":19,"column":null}},"2":{"start":{"line":21,"column":20},"end":{"line":21,"column":null}},"3":{"start":{"line":47,"column":2},"end":{"line":62,"column":null}},"4":{"start":{"line":48,"column":4},"end":{"line":61,"column":null}},"5":{"start":{"line":49,"column":6},"end":{"line":52,"column":null}},"6":{"start":{"line":50,"column":8},"end":{"line":50,"column":null}},"7":{"start":{"line":51,"column":8},"end":{"line":51,"column":null}},"8":{"start":{"line":52,"column":8},"end":{"line":52,"column":null}},"9":{"start":{"line":54,"column":6},"end":{"line":59,"column":null}},"10":{"start":{"line":55,"column":23},"end":{"line":55,"column":48}},"11":{"start":{"line":56,"column":8},"end":{"line":56,"column":null}},"12":{"start":{"line":58,"column":8},"end":{"line":58,"column":null}},"13":{"start":{"line":59,"column":8},"end":{"line":59,"column":null}},"14":{"start":{"line":66,"column":2},"end":{"line":117,"column":null}},"15":{"start":{"line":67,"column":4},"end":{"line":68,"column":null}},"16":{"start":{"line":68,"column":6},"end":{"line":68,"column":null}},"17":{"start":{"line":70,"column":20},"end":{"line":73,"column":6}},"18":{"start":{"line":74,"column":21},"end":{"line":78,"column":6}},"19":{"start":{"line":79,"column":20},"end":{"line":88,"column":null}},"20":{"start":{"line":80,"column":26},"end":{"line":80,"column":66}},"21":{"start":{"line":82,"column":25},"end":{"line":82,"column":56}},"22":{"start":{"line":83,"column":8},"end":{"line":87,"column":null}},"23":{"start":{"line":92,"column":4},"end":{"line":113,"column":null}},"24":{"start":{"line":93,"column":24},"end":{"line":93,"column":50}},"25":{"start":{"line":94,"column":26},"end":{"line":94,"column":59}},"26":{"start":{"line":94,"column":53},"end":{"line":94,"column":58}},"27":{"start":{"line":95,"column":6},"end":{"line":113,"column":null}},"28":{"start":{"line":96,"column":25},"end":{"line":96,"column":null}},"29":{"start":{"line":97,"column":8},"end":{"line":98,"column":null}},"30":{"start":{"line":98,"column":10},"end":{"line":98,"column":null}},"31":{"start":{"line":100,"column":26},"end":{"line":100,"column":47}},"32":{"start":{"line":101,"column":27},"end":{"line":101,"column":49}},"33":{"start":{"line":102,"column":8},"end":{"line":103,"column":null}},"34":{"start":{"line":103,"column":10},"end":{"line":103,"column":null}},"35":{"start":{"line":106,"column":8},"end":{"line":107,"column":null}},"36":{"start":{"line":107,"column":10},"end":{"line":107,"column":null}},"37":{"start":{"line":109,"column":8},"end":{"line":113,"column":null}},"38":{"start":{"line":116,"column":4},"end":{"line":116,"column":null}}},"fnMap":{"0":{"name":"getMacOSAllWindows","decl":{"start":{"line":17,"column":9},"end":{"line":17,"column":51}},"loc":{"start":{"line":17,"column":51},"end":{"line":62,"column":null}},"line":17},"1":{"name":"(anonymous_1)","decl":{"start":{"line":47,"column":13},"end":{"line":47,"column":22}},"loc":{"start":{"line":47,"column":34},"end":{"line":62,"column":null}},"line":47},"2":{"name":"(anonymous_2)","decl":{"start":{"line":48,"column":58},"end":{"line":48,"column":61}},"loc":{"start":{"line":48,"column":79},"end":{"line":61,"column":null}},"line":48},"3":{"name":"registerDeviceHandlers","decl":{"start":{"line":65,"column":16},"end":{"line":65,"column":47}},"loc":{"start":{"line":65,"column":47},"end":{"line":117,"column":null}},"line":65},"4":{"name":"(anonymous_4)","decl":{"start":{"line":66,"column":47},"end":{"line":66,"column":54}},"loc":{"start":{"line":66,"column":64},"end":{"line":117,"column":null}},"line":66},"5":{"name":"(anonymous_5)","decl":{"start":{"line":80,"column":7},"end":{"line":80,"column":15}},"loc":{"start":{"line":80,"column":26},"end":{"line":80,"column":66}},"line":80},"6":{"name":"(anonymous_6)","decl":{"start":{"line":81,"column":7},"end":{"line":81,"column":12}},"loc":{"start":{"line":81,"column":23},"end":{"line":88,"column":null}},"line":81},"7":{"name":"(anonymous_7)","decl":{"start":{"line":94,"column":42},"end":{"line":94,"column":47}},"loc":{"start":{"line":94,"column":53},"end":{"line":94,"column":58}},"line":94}},"branchMap":{"0":{"loc":{"start":{"line":18,"column":2},"end":{"line":19,"column":null}},"type":"if","locations":[{"start":{"line":18,"column":2},"end":{"line":19,"column":null}},{"start":{},"end":{}}],"line":18},"1":{"loc":{"start":{"line":49,"column":6},"end":{"line":52,"column":null}},"type":"if","locations":[{"start":{"line":49,"column":6},"end":{"line":52,"column":null}},{"start":{},"end":{}}],"line":49},"2":{"loc":{"start":{"line":67,"column":4},"end":{"line":68,"column":null}},"type":"if","locations":[{"start":{"line":67,"column":4},"end":{"line":68,"column":null}},{"start":{},"end":{}}],"line":67},"3":{"loc":{"start":{"line":92,"column":4},"end":{"line":113,"column":null}},"type":"if","locations":[{"start":{"line":92,"column":4},"end":{"line":113,"column":null}},{"start":{},"end":{}}],"line":92},"4":{"loc":{"start":{"line":97,"column":8},"end":{"line":98,"column":null}},"type":"if","locations":[{"start":{"line":97,"column":8},"end":{"line":98,"column":null}},{"start":{},"end":{}}],"line":97},"5":{"loc":{"start":{"line":102,"column":8},"end":{"line":103,"column":null}},"type":"if","locations":[{"start":{"line":102,"column":8},"end":{"line":103,"column":null}},{"start":{},"end":{}}],"line":102},"6":{"loc":{"start":{"line":102,"column":12},"end":{"line":102,"column":63}},"type":"binary-expr","locations":[{"start":{"line":102,"column":12},"end":{"line":102,"column":35}},{"start":{"line":102,"column":39},"end":{"line":102,"column":63}}],"line":102},"7":{"loc":{"start":{"line":106,"column":8},"end":{"line":107,"column":null}},"type":"if","locations":[{"start":{"line":106,"column":8},"end":{"line":107,"column":null}},{"start":{},"end":{}}],"line":106},"8":{"loc":{"start":{"line":106,"column":12},"end":{"line":106,"column":82}},"type":"binary-expr","locations":[{"start":{"line":106,"column":12},"end":{"line":106,"column":46}},{"start":{"line":106,"column":46},"end":{"line":106,"column":82}}],"line":106},"9":{"loc":{"start":{"line":111,"column":16},"end":{"line":111,"column":null}},"type":"binary-expr","locations":[{"start":{"line":111,"column":16},"end":{"line":111,"column":27}},{"start":{"line":111,"column":27},"end":{"line":111,"column":null}}],"line":111}},"s":{"0":0,"1":0,"2":0,"3":0,"4":0,"5":0,"6":0,"7":0,"8":0,"9":0,"10":0,"11":0,"12":0,"13":0,"14":0,"15":0,"16":0,"17":0,"18":0,"19":0,"20":0,"21":0,"22":0,"23":0,"24":0,"25":0,"26":0,"27":0,"28":0,"29":0,"30":0,"31":0,"32":0,"33":0,"34":0,"35":0,"36":0,"37":0,"38":0},"f":{"0":0,"1":0,"2":0,"3":0,"4":0,"5":0,"6":0,"7":0},"b":{"0":[0,0],"1":[0,0],"2":[0,0],"3":[0,0],"4":[0,0],"5":[0,0],"6":[0,0],"7":[0,0],"8":[0,0],"9":[0,0]},"meta":{"lastBranch":10,"lastFunction":8,"lastStatement":39,"seen":{"f:17:9:17:51":0,"b:18:2:19:Infinity:undefined:undefined:undefined:undefined":0,"s:18:2:19:Infinity":0,"s:19:4:19:Infinity":1,"s:21:20:21:Infinity":2,"s:47:2:62:Infinity":3,"f:47:13:47:22":1,"s:48:4:61:Infinity":4,"f:48:58:48:61":2,"b:49:6:52:Infinity:undefined:undefined:undefined:undefined":1,"s:49:6:52:Infinity":5,"s:50:8:50:Infinity":6,"s:51:8:51:Infinity":7,"s:52:8:52:Infinity":8,"s:54:6:59:Infinity":9,"s:55:23:55:48":10,"s:56:8:56:Infinity":11,"s:58:8:58:Infinity":12,"s:59:8:59:Infinity":13,"f:65:16:65:47":3,"s:66:2:117:Infinity":14,"f:66:47:66:54":4,"b:67:4:68:Infinity:undefined:undefined:undefined:undefined":2,"s:67:4:68:Infinity":15,"s:68:6:68:Infinity":16,"s:70:20:73:6":17,"s:74:21:78:6":18,"s:79:20:88:Infinity":19,"f:80:7:80:15":5,"s:80:26:80:66":20,"f:81:7:81:12":6,"s:82:25:82:56":21,"s:83:8:87:Infinity":22,"b:92:4:113:Infinity:undefined:undefined:undefined:undefined":3,"s:92:4:113:Infinity":23,"s:93:24:93:50":24,"s:94:26:94:59":25,"f:94:42:94:47":7,"s:94:53:94:58":26,"s:95:6:113:Infinity":27,"s:96:25:96:Infinity":28,"b:97:8:98:Infinity:undefined:undefined:undefined:undefined":4,"s:97:8:98:Infinity":29,"s:98:10:98:Infinity":30,"s:100:26:100:47":31,"s:101:27:101:49":32,"b:102:8:103:Infinity:undefined:undefined:undefined:undefined":5,"s:102:8:103:Infinity":33,"b:102:12:102:35:102:39:102:63":6,"s:103:10:103:Infinity":34,"b:106:8:107:Infinity:undefined:undefined:undefined:undefined":7,"s:106:8:107:Infinity":35,"b:106:12:106:46:106:46:106:82":8,"s:107:10:107:Infinity":36,"s:109:8:113:Infinity":37,"b:111:16:111:27:111:27:111:Infinity":9,"s:116:4:116:Infinity":38}}}
,"/mnt/e/Projects/Yaatuber/src/main/ipc/file.ts": {"path":"/mnt/e/Projects/Yaatuber/src/main/ipc/file.ts","statementMap":{"0":{"start":{"line":9,"column":26},"end":{"line":13,"column":null}},"1":{"start":{"line":16,"column":2},"end":{"line":35,"column":null}},"2":{"start":{"line":19,"column":6},"end":{"line":20,"column":null}},"3":{"start":{"line":20,"column":8},"end":{"line":20,"column":null}},"4":{"start":{"line":23,"column":6},"end":{"line":24,"column":null}},"5":{"start":{"line":24,"column":8},"end":{"line":24,"column":null}},"6":{"start":{"line":26,"column":6},"end":{"line":32,"column":null}},"7":{"start":{"line":27,"column":8},"end":{"line":27,"column":null}},"8":{"start":{"line":29,"column":8},"end":{"line":29,"column":null}},"9":{"start":{"line":31,"column":8},"end":{"line":31,"column":null}},"10":{"start":{"line":32,"column":8},"end":{"line":32,"column":null}}},"fnMap":{"0":{"name":"registerFileHandlers","decl":{"start":{"line":15,"column":16},"end":{"line":15,"column":45}},"loc":{"start":{"line":15,"column":45},"end":{"line":35,"column":null}},"line":15},"1":{"name":"(anonymous_1)","decl":{"start":{"line":18,"column":4},"end":{"line":18,"column":11}},"loc":{"start":{"line":18,"column":86},"end":{"line":35,"column":null}},"line":18}},"branchMap":{"0":{"loc":{"start":{"line":19,"column":6},"end":{"line":20,"column":null}},"type":"if","locations":[{"start":{"line":19,"column":6},"end":{"line":20,"column":null}},{"start":{},"end":{}}],"line":19},"1":{"loc":{"start":{"line":23,"column":6},"end":{"line":24,"column":null}},"type":"if","locations":[{"start":{"line":23,"column":6},"end":{"line":24,"column":null}},{"start":{},"end":{}}],"line":23}},"s":{"0":0,"1":0,"2":0,"3":0,"4":0,"5":0,"6":0,"7":0,"8":0,"9":0,"10":0},"f":{"0":0,"1":0},"b":{"0":[0,0],"1":[0,0]},"meta":{"lastBranch":2,"lastFunction":2,"lastStatement":11,"seen":{"s:9:26:13:Infinity":0,"f:15:16:15:45":0,"s:16:2:35:Infinity":1,"f:18:4:18:11":1,"b:19:6:20:Infinity:undefined:undefined:undefined:undefined":0,"s:19:6:20:Infinity":2,"s:20:8:20:Infinity":3,"b:23:6:24:Infinity:undefined:undefined:undefined:undefined":1,"s:23:6:24:Infinity":4,"s:24:8:24:Infinity":5,"s:26:6:32:Infinity":6,"s:27:8:27:Infinity":7,"s:29:8:29:Infinity":8,"s:31:8:31:Infinity":9,"s:32:8:32:Infinity":10}}}
,"/mnt/e/Projects/Yaatuber/src/main/ipc/helpers.ts": {"path":"/mnt/e/Projects/Yaatuber/src/main/ipc/helpers.ts","statementMap":{"0":{"start":{"line":14,"column":27},"end":{"line":19,"column":19}},"1":{"start":{"line":20,"column":2},"end":{"line":20,"column":null}},"2":{"start":{"line":20,"column":39},"end":{"line":20,"column":59}},"3":{"start":{"line":25,"column":8},"end":{"line":25,"column":36}},"4":{"start":{"line":26,"column":2},"end":{"line":27,"column":null}},"5":{"start":{"line":27,"column":4},"end":{"line":27,"column":null}}},"fnMap":{"0":{"name":"isValidSender","decl":{"start":{"line":13,"column":16},"end":{"line":13,"column":30}},"loc":{"start":{"line":13,"column":81},"end":{"line":20,"column":null}},"line":13},"1":{"name":"(anonymous_1)","decl":{"start":{"line":20,"column":26},"end":{"line":20,"column":32}},"loc":{"start":{"line":20,"column":39},"end":{"line":20,"column":59}},"line":20},"2":{"name":"sendStateToToolbar","decl":{"start":{"line":24,"column":16},"end":{"line":24,"column":35}},"loc":{"start":{"line":24,"column":64},"end":{"line":27,"column":null}},"line":24}},"branchMap":{"0":{"loc":{"start":{"line":26,"column":2},"end":{"line":27,"column":null}},"type":"if","locations":[{"start":{"line":26,"column":2},"end":{"line":27,"column":null}},{"start":{},"end":{}}],"line":26},"1":{"loc":{"start":{"line":26,"column":6},"end":{"line":26,"column":39}},"type":"binary-expr","locations":[{"start":{"line":26,"column":6},"end":{"line":26,"column":17}},{"start":{"line":26,"column":17},"end":{"line":26,"column":39}}],"line":26}},"s":{"0":0,"1":0,"2":0,"3":0,"4":0,"5":0},"f":{"0":0,"1":0,"2":0},"b":{"0":[0,0],"1":[0,0]},"meta":{"lastBranch":2,"lastFunction":3,"lastStatement":6,"seen":{"f:13:16:13:30":0,"s:14:27:19:19":0,"s:20:2:20:Infinity":1,"f:20:26:20:32":1,"s:20:39:20:59":2,"f:24:16:24:35":2,"s:25:8:25:36":3,"b:26:2:27:Infinity:undefined:undefined:undefined:undefined":0,"s:26:2:27:Infinity":4,"b:26:6:26:17:26:17:26:39":1,"s:27:4:27:Infinity":5}}}
,"/mnt/e/Projects/Yaatuber/src/main/ipc/index.ts": {"path":"/mnt/e/Projects/Yaatuber/src/main/ipc/index.ts","statementMap":{"0":{"start":{"line":15,"column":2},"end":{"line":15,"column":null}},"1":{"start":{"line":16,"column":2},"end":{"line":16,"column":null}},"2":{"start":{"line":17,"column":2},"end":{"line":17,"column":null}},"3":{"start":{"line":18,"column":2},"end":{"line":18,"column":null}},"4":{"start":{"line":19,"column":2},"end":{"line":19,"column":null}},"5":{"start":{"line":20,"column":2},"end":{"line":20,"column":null}},"6":{"start":{"line":21,"column":2},"end":{"line":21,"column":null}},"7":{"start":{"line":22,"column":2},"end":{"line":22,"column":null}},"8":{"start":{"line":23,"column":2},"end":{"line":23,"column":null}},"9":{"start":{"line":35,"column":8},"end":{"line":35,"column":30}},"10":{"start":{"line":36,"column":2},"end":{"line":37,"column":null}},"11":{"start":{"line":37,"column":4},"end":{"line":37,"column":null}},"12":{"start":{"line":39,"column":2},"end":{"line":62,"column":null}},"13":{"start":{"line":41,"column":4},"end":{"line":61,"column":null}},"14":{"start":{"line":45,"column":14},"end":{"line":45,"column":62}},"15":{"start":{"line":46,"column":8},"end":{"line":47,"column":null}},"16":{"start":{"line":47,"column":10},"end":{"line":47,"column":null}},"17":{"start":{"line":49,"column":14},"end":{"line":49,"column":34}},"18":{"start":{"line":50,"column":8},"end":{"line":51,"column":null}},"19":{"start":{"line":51,"column":10},"end":{"line":51,"column":null}},"20":{"start":{"line":54,"column":8},"end":{"line":60,"column":null}},"21":{"start":{"line":55,"column":10},"end":{"line":58,"column":null}},"22":{"start":{"line":56,"column":12},"end":{"line":56,"column":null}},"23":{"start":{"line":58,"column":12},"end":{"line":58,"column":null}}},"fnMap":{"0":{"name":"registerAllHandlers","decl":{"start":{"line":14,"column":16},"end":{"line":14,"column":44}},"loc":{"start":{"line":14,"column":44},"end":{"line":23,"column":null}},"line":14},"1":{"name":"resendStateToMainWindow","decl":{"start":{"line":34,"column":16},"end":{"line":34,"column":48}},"loc":{"start":{"line":34,"column":48},"end":{"line":62,"column":null}},"line":34},"2":{"name":"(anonymous_2)","decl":{"start":{"line":39,"column":24},"end":{"line":39,"column":49}},"loc":{"start":{"line":39,"column":49},"end":{"line":62,"column":null}},"line":39},"3":{"name":"(anonymous_3)","decl":{"start":{"line":43,"column":7},"end":{"line":43,"column":13}},"loc":{"start":{"line":43,"column":24},"end":{"line":61,"column":null}},"line":43},"4":{"name":"(anonymous_4)","decl":{"start":{"line":54,"column":8},"end":{"line":54,"column":25}},"loc":{"start":{"line":54,"column":25},"end":{"line":60,"column":15}},"line":54}},"branchMap":{"0":{"loc":{"start":{"line":36,"column":2},"end":{"line":37,"column":null}},"type":"if","locations":[{"start":{"line":36,"column":2},"end":{"line":37,"column":null}},{"start":{},"end":{}}],"line":36},"1":{"loc":{"start":{"line":36,"column":6},"end":{"line":36,"column":33}},"type":"binary-expr","locations":[{"start":{"line":36,"column":6},"end":{"line":36,"column":15}},{"start":{"line":36,"column":15},"end":{"line":36,"column":33}}],"line":36},"2":{"loc":{"start":{"line":46,"column":8},"end":{"line":47,"column":null}},"type":"if","locations":[{"start":{"line":46,"column":8},"end":{"line":47,"column":null}},{"start":{},"end":{}}],"line":46},"3":{"loc":{"start":{"line":50,"column":8},"end":{"line":51,"column":null}},"type":"if","locations":[{"start":{"line":50,"column":8},"end":{"line":51,"column":null}},{"start":{},"end":{}}],"line":50},"4":{"loc":{"start":{"line":55,"column":10},"end":{"line":58,"column":null}},"type":"if","locations":[{"start":{"line":55,"column":10},"end":{"line":58,"column":null}},{"start":{},"end":{}}],"line":55}},"s":{"0":0,"1":0,"2":0,"3":0,"4":0,"5":0,"6":0,"7":0,"8":0,"9":0,"10":0,"11":0,"12":0,"13":0,"14":0,"15":0,"16":0,"17":0,"18":0,"19":0,"20":0,"21":0,"22":0,"23":0},"f":{"0":0,"1":0,"2":0,"3":0,"4":0},"b":{"0":[0,0],"1":[0,0],"2":[0,0],"3":[0,0],"4":[0,0]},"meta":{"lastBranch":5,"lastFunction":5,"lastStatement":24,"seen":{"f:14:16:14:44":0,"s:15:2:15:Infinity":0,"s:16:2:16:Infinity":1,"s:17:2:17:Infinity":2,"s:18:2:18:Infinity":3,"s:19:2:19:Infinity":4,"s:20:2:20:Infinity":5,"s:21:2:21:Infinity":6,"s:22:2:22:Infinity":7,"s:23:2:23:Infinity":8,"f:34:16:34:48":1,"s:35:8:35:30":9,"b:36:2:37:Infinity:undefined:undefined:undefined:undefined":0,"s:36:2:37:Infinity":10,"b:36:6:36:15:36:15:36:33":1,"s:37:4:37:Infinity":11,"s:39:2:62:Infinity":12,"f:39:24:39:49":2,"s:41:4:61:Infinity":13,"f:43:7:43:13":3,"s:45:14:45:62":14,"b:46:8:47:Infinity:undefined:undefined:undefined:undefined":2,"s:46:8:47:Infinity":15,"s:47:10:47:Infinity":16,"s:49:14:49:34":17,"b:50:8:51:Infinity:undefined:undefined:undefined:undefined":3,"s:50:8:51:Infinity":18,"s:51:10:51:Infinity":19,"s:54:8:60:Infinity":20,"f:54:8:54:25":4,"b:55:10:58:Infinity:undefined:undefined:undefined:undefined":4,"s:55:10:58:Infinity":21,"s:56:12:56:Infinity":22,"s:58:12:58:Infinity":23}}}
[...]
193:Infinity":102,"f:200:9:200:24":14,"b:200:57:200:70":17,"s:201:2:201:Infinity":103,"s:202:2:202:Infinity":104,"b:204:2:208:Infinity:206:9:208:Infinity":18,"s:204:2:208:Infinity":105,"s:205:4:205:Infinity":106,"s:207:4:207:Infinity":107,"s:208:4:208:Infinity":108,"b:211:2:218:Infinity:215:9:218:Infinity":19,"s:211:2:218:Infinity":109,"s:212:4:212:Infinity":110,"s:213:4:213:Infinity":111,"s:214:4:214:Infinity":112,"s:216:4:216:Infinity":113,"s:217:4:217:Infinity":114,"s:218:4:218:Infinity":115,"f:226:15:226:53":15,"s:227:25:227:Infinity":116,"s:228:25:228:Infinity":117,"b:228:25:228:47:228:47:228:Infinity":20,"s:229:22:229:Infinity":118,"b:229:22:229:41:229:41:229:Infinity":21,"s:231:18:235:Infinity":119,"s:237:2:240:Infinity":120,"s:238:4:238:Infinity":121,"s:240:4:240:Infinity":122,"f:244:15:244:52":16,"s:245:2:248:Infinity":123,"s:246:4:246:Infinity":124,"s:248:4:248:Infinity":125,"f:252:15:252:50":17,"b:253:2:256:Infinity:255:9:256:Infinity":22,"s:253:2:256:Infinity":126,"s:254:4:254:Infinity":127,"s:256:4:256:Infinity":128,"f:260:15:260:44":18,"s:261:20:262:Infinity":129,"b:264:2:265:Infinity:undefined:undefined:undefined:undefined":23,"s:264:2:265:Infinity":130,"s:265:4:265:Infinity":131,"s:269:2:272:Infinity":132,"s:270:4:270:Infinity":133,"s:272:4:272:Infinity":134,"s:279:20:279:Infinity":135,"s:280:17:280:Infinity":136,"s:281:15:281:Infinity":137,"s:282:2:284:Infinity":138,"b:282:9:282:22:282:22:282:42":24,"s:283:4:283:Infinity":139,"f:283:14:283:23":19,"s:283:35:283:62":140,"s:284:4:284:Infinity":141,"s:288:2:291:Infinity":142,"s:289:4:289:Infinity":143,"s:291:4:291:Infinity":144,"s:299:0:301:Infinity":145,"f:299:27:299:42":20,"s:300:2:300:Infinity":146,"s:303:0:305:Infinity":147,"f:303:28:303:43":21,"s:304:2:304:Infinity":148,"s:307:0:309:Infinity":149,"f:307:29:307:44":22,"s:308:2:308:Infinity":150,"s:311:0:313:Infinity":151,"f:311:29:311:44":23,"s:312:2:312:Infinity":152,"s:315:0:318:Infinity":153,"f:315:30:315:46":24,"s:316:2:316:Infinity":154,"s:317:2:317:Infinity":155,"s:320:0:323:Infinity":156,"f:320:30:320:46":25,"s:321:2:321:Infinity":157,"s:322:2:322:Infinity":158,"s:325:0:328:Infinity":159,"f:325:27:325:43":26,"s:326:2:326:Infinity":160,"s:327:2:327:Infinity":161,"s:330:0:334:Infinity":162,"f:330:30:330:45":27,"s:331:2:331:Infinity":163,"b:331:53:331:69:331:69:331:Infinity":25,"s:332:2:332:Infinity":164,"s:333:2:333:Infinity":165,"s:336:0:343:Infinity":166,"f:336:18:336:33":28,"b:337:2:340:Infinity:339:13:340:Infinity":26,"s:337:2:340:Infinity":167,"b:337:6:337:27:337:27:337:39":27,"s:338:4:338:Infinity":168,"b:339:13:340:Infinity:undefined:undefined:undefined:undefined":28,"s:339:13:340:Infinity":169,"b:339:13:339:35:339:35:339:46":29,"s:340:4:340:Infinity":170,"s:342:2:342:Infinity":171,"s:349:0:351:Infinity":172,"f:349:25:349:40":29,"s:350:2:350:Infinity":173,"s:357:0:359:Infinity":174,"f:357:26:357:41":30,"s:358:2:358:Infinity":175,"f:365:15:365:52":31,"s:366:18:366:65":176,"s:369:21:369:Infinity":177,"s:370:18:370:Infinity":178,"s:373:18:373:64":179,"f:373:26:373:34":32,"s:373:40:373:64":180,"s:374:2:374:Infinity":181,"s:375:19:375:51":182,"s:376:2:376:Infinity":183,"s:377:2:377:Infinity":184,"s:378:2:378:Infinity":185,"s:379:2:383:Infinity":186,"s:380:16:380:48":187,"s:381:4:381:Infinity":188,"s:382:4:382:Infinity":189,"b:382:22:382:49:382:53:382:Infinity":30,"s:383:4:383:Infinity":190,"s:387:25:387:93":191,"f:387:58:387:64":33,"s:387:70:387:93":192,"s:388:2:388:Infinity":193,"b:388:40:388:53:388:53:388:Infinity":31,"s:391:15:391:61":194,"f:391:23:391:31":34,"s:391:37:391:61":195,"s:392:2:392:Infinity":196,"s:393:19:393:51":197,"s:394:2:394:Infinity":198,"s:395:2:395:Infinity":199,"s:396:2:396:Infinity":200,"s:397:2:401:Infinity":201,"s:398:16:398:48":202,"s:399:4:399:Infinity":203,"s:400:4:400:Infinity":204,"b:400:22:400:49:400:53:400:Infinity":32,"s:401:4:401:Infinity":205,"s:405:25:405:87":206,"f:405:55:405:61":35,"s:405:67:405:87":207,"s:406:2:406:Infinity":208,"b:406:37:406:47:406:47:406:Infinity":33,"b:409:2:411:Infinity:undefined:undefined:undefined:undefined":34,"s:409:2:411:Infinity":209,"b:409:6:409:43:409:43:409:72":35,"s:410:4:410:Infinity":210,"s:411:4:411:Infinity":211,"s:415:0:417:Infinity":212,"f:415:40:415:62":36,"s:416:2:416:Infinity":213,"s:423:16:423:Infinity":214,"f:425:15:425:47":37,"s:426:2:434:Infinity":215,"s:427:19:427:59":216,"b:428:4:431:Infinity:undefined:undefined:undefined:undefined":36,"s:428:4:431:Infinity":217,"s:429:6:429:Infinity":218,"s:430:6:430:Infinity":219,"s:431:6:431:Infinity":220,"s:434:4:434:Infinity":221,"s:438:0:442:Infinity":222,"f:438:27:438:42":38,"b:439:2:440:Infinity:undefined:undefined:undefined:undefined":37,"s:439:2:440:Infinity":223,"s:440:4:440:Infinity":224,"s:448:0:452:Infinity":225,"f:448:26:448:52":39,"s:449:2:451:Infinity":226,"f:449:25:449:36":40,"s:450:4:450:Infinity":227}}}
,"/mnt/e/Projects/Yaatuber/src/shared/activation-types.ts": {"path":"/mnt/e/Projects/Yaatuber/src/shared/activation-types.ts","statementMap":{},"fnMap":{},"branchMap":{},"s":{},"f":{},"b":{},"meta":{"lastBranch":0,"lastFunction":0,"lastStatement":0,"seen":{}}}
,"/mnt/e/Projects/Yaatuber/src/shared/channels.ts": {"path":"/mnt/e/Projects/Yaatuber/src/shared/channels.ts","statementMap":{"0":{"start":{"line":1,"column":24},"end":{"line":60,"column":null}}},"fnMap":{},"branchMap":{},"s":{"0":2},"f":{},"b":{},"meta":{"lastBranch":0,"lastFunction":0,"lastStatement":1,"seen":{"s:1:24:60:Infinity":0}}}
,"/mnt/e/Projects/Yaatuber/src/shared/filters.ts": {"path":"/mnt/e/Projects/Yaatuber/src/shared/filters.ts","statementMap":{"0":{"start":{"line":24,"column":26},"end":{"line":24,"column":28}},"1":{"start":{"line":25,"column":2},"end":{"line":26,"column":null}},"2":{"start":{"line":26,"column":4},"end":{"line":26,"column":null}},"3":{"start":{"line":28,"column":2},"end":{"line":29,"column":null}},"4":{"start":{"line":29,"column":4},"end":{"line":29,"column":null}},"5":{"start":{"line":31,"column":2},"end":{"line":32,"column":null}},"6":{"start":{"line":32,"column":4},"end":{"line":32,"column":null}},"7":{"start":{"line":34,"column":2},"end":{"line":40,"column":null}},"8":{"start":{"line":35,"column":4},"end":{"line":40,"column":null}},"9":{"start":{"line":36,"column":21},"end":{"line":36,"column":null}},"10":{"start":{"line":37,"column":6},"end":{"line":37,"column":null}},"11":{"start":{"line":39,"column":24},"end":{"line":39,"column":null}},"12":{"start":{"line":40,"column":6},"end":{"line":40,"column":null}},"13":{"start":{"line":43,"column":2},"end":{"line":45,"column":null}},"14":{"start":{"line":44,"column":18},"end":{"line":44,"column":null}},"15":{"start":{"line":45,"column":4},"end":{"line":45,"column":null}},"16":{"start":{"line":47,"column":2},"end":{"line":49,"column":null}},"17":{"start":{"line":48,"column":18},"end":{"line":48,"column":null}},"18":{"start":{"line":49,"column":4},"end":{"line":49,"column":null}},"19":{"start":{"line":51,"column":2},"end":{"line":51,"column":null}},"20":{"start":{"line":54,"column":63},"end":{"line":103,"column":null}},"21":{"start":{"line":107,"column":2},"end":{"line":108,"column":null}},"22":{"start":{"line":108,"column":4},"end":{"line":108,"column":null}},"23":{"start":{"line":110,"column":2},"end":{"line":110,"column":null}},"24":{"start":{"line":115,"column":2},"end":{"line":116,"column":null}},"25":{"start":{"line":116,"column":4},"end":{"line":116,"column":null}},"26":{"start":{"line":118,"column":2},"end":{"line":118,"column":null}}},"fnMap":{"0":{"name":"buildEnhancementFilter","decl":{"start":{"line":23,"column":16},"end":{"line":23,"column":39}},"loc":{"start":{"line":23,"column":71},"end":{"line":51,"column":null}},"line":23},"1":{"name":"getCinemaCSS","decl":{"start":{"line":106,"column":16},"end":{"line":106,"column":29}},"loc":{"start":{"line":106,"column":53},"end":{"line":110,"column":null}},"line":106},"2":{"name":"getCinemaCanvas","decl":{"start":{"line":114,"column":16},"end":{"line":114,"column":32}},"loc":{"start":{"line":114,"column":56},"end":{"line":118,"column":null}},"line":114}},"branchMap":{"0":{"loc":{"start":{"line":25,"column":2},"end":{"line":26,"column":null}},"type":"if","locations":[{"start":{"line":25,"column":2},"end":{"line":26,"column":null}},{"start":{},"end":{}}],"line":25},"1":{"loc":{"start":{"line":28,"column":2},"end":{"line":29,"column":null}},"type":"if","locations":[{"start":{"line":28,"column":2},"end":{"line":29,"column":null}},{"start":{},"end":{}}],"line":28},"2":{"loc":{"start":{"line":31,"column":2},"end":{"line":32,"column":null}},"type":"if","locations":[{"start":{"line":31,"column":2},"end":{"line":32,"column":null}},{"start":{},"end":{}}],"line":31},"3":{"loc":{"start":{"line":34,"column":2},"end":{"line":40,"column":null}},"type":"if","locations":[{"start":{"line":34,"column":2},"end":{"line":40,"column":null}},{"start":{},"end":{}}],"line":34},"4":{"loc":{"start":{"line":35,"column":4},"end":{"line":40,"column":null}},"type":"if","locations":[{"start":{"line":35,"column":4},"end":{"line":40,"column":null}},{"start":{"line":38,"column":11},"end":{"line":40,"column":null}}],"line":35},"5":{"loc":{"start":{"line":43,"column":2},"end":{"line":45,"column":null}},"type":"if","locations":[{"start":{"line":43,"column":2},"end":{"line":45,"column":null}},{"start":{},"end":{}}],"line":43},"6":{"loc":{"start":{"line":47,"column":2},"end":{"line":49,"column":null}},"type":"if","locations":[{"start":{"line":47,"column":2},"end":{"line":49,"column":null}},{"start":{},"end":{}}],"line":47},"7":{"loc":{"start":{"line":107,"column":2},"end":{"line":108,"column":null}},"type":"if","locations":[{"start":{"line":107,"column":2},"end":{"line":108,"column":null}},{"start":{},"end":{}}],"line":107},"8":{"loc":{"start":{"line":115,"column":2},"end":{"line":116,"column":null}},"type":"if","locations":[{"start":{"line":115,"column":2},"end":{"line":116,"column":null}},{"start":{},"end":{}}],"line":115}},"s":{"0":90,"1":90,"2":32,"3":90,"4":29,"5":90,"6":18,"7":90,"8":30,"9":18,"10":18,"11":12,"12":12,"13":90,"14":15,"15":15,"16":90,"17":15,"18":15,"19":90,"20":4,"21":18,"22":3,"23":15,"24":15,"25":2,"26":13},"f":{"0":90,"1":18,"2":15},"b":{"0":[32,58],"1":[29,61],"2":[18,72],"3":[30,60],"4":[18,12],"5":[15,75],"6":[15,75],"7":[3,15],"8":[2,13]},"meta":{"lastBranch":9,"lastFunction":3,"lastStatement":27,"seen":{"f:23:16:23:39":0,"s:24:26:24:28":0,"b:25:2:26:Infinity:undefined:undefined:undefined:undefined":0,"s:25:2:26:Infinity":1,"s:26:4:26:Infinity":2,"b:28:2:29:Infinity:undefined:undefined:undefined:undefined":1,"s:28:2:29:Infinity":3,"s:29:4:29:Infinity":4,"b:31:2:32:Infinity:undefined:undefined:undefined:undefined":2,"s:31:2:32:Infinity":5,"s:32:4:32:Infinity":6,"b:34:2:40:Infinity:undefined:undefined:undefined:undefined":3,"s:34:2:40:Infinity":7,"b:35:4:40:Infinity:38:11:40:Infinity":4,"s:35:4:40:Infinity":8,"s:36:21:36:Infinity":9,"s:37:6:37:Infinity":10,"s:39:24:39:Infinity":11,"s:40:6:40:Infinity":12,"b:43:2:45:Infinity:undefined:undefined:undefined:undefined":5,"s:43:2:45:Infinity":13,"s:44:18:44:Infinity":14,"s:45:4:45:Infinity":15,"b:47:2:49:Infinity:undefined:undefined:undefined:undefined":6,"s:47:2:49:Infinity":16,"s:48:18:48:Infinity":17,"s:49:4:49:Infinity":18,"s:51:2:51:Infinity":19,"s:54:63:103:Infinity":20,"f:106:16:106:29":1,"b:107:2:108:Infinity:undefined:undefined:undefined:undefined":7,"s:107:2:108:Infinity":21,"s:108:4:108:Infinity":22,"s:110:2:110:Infinity":23,"f:114:16:114:32":2,"b:115:2:116:Infinity:undefined:undefined:undefined:undefined":8,"s:115:2:116:Infinity":24,"s:116:4:116:Infinity":25,"s:118:2:118:Infinity":26}}}
,"/mnt/e/Projects/Yaatuber/src/shared/format.ts": {"path":"/mnt/e/Projects/Yaatuber/src/shared/format.ts","statementMap":{"0":{"start":{"line":3,"column":14},"end":{"line":3,"column":45}},"1":{"start":{"line":4,"column":15},"end":{"line":4,"column":53}},"2":{"start":{"line":5,"column":15},"end":{"line":5,"column":null}},"3":{"start":{"line":6,"column":13},"end":{"line":6,"column":42}},"4":{"start":{"line":7,"column":13},"end":{"line":7,"column":42}},"5":{"start":{"line":8,"column":2},"end":{"line":10,"column":null}},"6":{"start":{"line":9,"column":15},"end":{"line":9,"column":43}},"7":{"start":{"line":10,"column":4},"end":{"line":10,"column":null}},"8":{"start":{"line":12,"column":2},"end":{"line":12,"column":null}}},"fnMap":{"0":{"name":"formatTime","decl":{"start":{"line":2,"column":16},"end":{"line":2,"column":27}},"loc":{"start":{"line":2,"column":57},"end":{"line":12,"column":null}},"line":2}},"branchMap":{"0":{"loc":{"start":{"line":8,"column":2},"end":{"line":10,"column":null}},"type":"if","locations":[{"start":{"line":8,"column":2},"end":{"line":10,"column":null}},{"start":{},"end":{}}],"line":8}},"s":{"0":20,"1":20,"2":20,"3":20,"4":20,"5":20,"6":8,"7":8,"8":12},"f":{"0":20},"b":{"0":[8,12]},"meta":{"lastBranch":1,"lastFunction":1,"lastStatement":9,"seen":{"f:2:16:2:27":0,"s:3:14:3:45":0,"s:4:15:4:53":1,"s:5:15:5:Infinity":2,"s:6:13:6:42":3,"s:7:13:7:42":4,"b:8:2:10:Infinity:undefined:undefined:undefined:undefined":0,"s:8:2:10:Infinity":5,"s:9:15:9:43":6,"s:10:4:10:Infinity":7,"s:12:2:12:Infinity":8}}}
,"/mnt/e/Projects/Yaatuber/src/shared/paths.ts": {"path":"/mnt/e/Projects/Yaatuber/src/shared/paths.ts","statementMap":{"0":{"start":{"line":8,"column":2},"end":{"line":9,"column":null}},"1":{"start":{"line":9,"column":4},"end":{"line":9,"column":null}},"2":{"start":{"line":11,"column":19},"end":{"line":11,"column":41}},"3":{"start":{"line":12,"column":2},"end":{"line":15,"column":null}},"4":{"start":{"line":13,"column":30},"end":{"line":13,"column":54}},"5":{"start":{"line":14,"column":4},"end":{"line":14,"column":null}}},"fnMap":{"0":{"name":"isValidSavePath","decl":{"start":{"line":7,"column":16},"end":{"line":7,"column":32}},"loc":{"start":{"line":7,"column":82},"end":{"line":15,"column":null}},"line":7},"1":{"name":"(anonymous_1)","decl":{"start":{"line":12,"column":21},"end":{"line":12,"column":27}},"loc":{"start":{"line":12,"column":42},"end":{"line":15,"column":null}},"line":12}},"branchMap":{"0":{"loc":{"start":{"line":8,"column":2},"end":{"line":9,"column":null}},"type":"if","locations":[{"start":{"line":8,"column":2},"end":{"line":9,"column":null}},{"start":{},"end":{}}],"line":8},"1":{"loc":{"start":{"line":8,"column":6},"end":{"line":8,"column":49}},"type":"binary-expr","locations":[{"start":{"line":8,"column":6},"end":{"line":8,"column":19}},{"start":{"line":8,"column":19},"end":{"line":8,"column":49}}],"line":8},"2":{"loc":{"start":{"line":14,"column":11},"end":{"line":14,"column":null}},"type":"binary-expr","locations":[{"start":{"line":14,"column":11},"end":{"line":14,"column":60}},{"start":{"line":14,"column":64},"end":{"line":14,"column":null}}],"line":14}},"s":{"0":20,"1":4,"2":16,"3":16,"4":20,"5":20},"f":{"0":20,"1":20},"b":{"0":[4,16],"1":[20,17],"2":[20,13]},"meta":{"lastBranch":3,"lastFunction":2,"lastStatement":6,"seen":{"f:7:16:7:32":0,"b:8:2:9:Infinity:undefined:undefined:undefined:undefined":0,"s:8:2:9:Infinity":0,"b:8:6:8:19:8:19:8:49":1,"s:9:4:9:Infinity":1,"s:11:19:11:41":2,"s:12:2:15:Infinity":3,"f:12:21:12:27":1,"s:13:30:13:54":4,"s:14:4:14:Infinity":5,"b:14:11:14:60:14:64:14:Infinity":2}}}
,"/mnt/e/Projects/Yaatuber/src/shared/shortcuts.ts": {"path":"/mnt/e/Projects/Yaatuber/src/shared/shortcuts.ts","statementMap":{"0":{"start":{"line":2,"column":55},"end":{"line":17,"column":null}}},"fnMap":{},"branchMap":{},"s":{"0":2},"f":{},"b":{},"meta":{"lastBranch":0,"lastFunction":0,"lastStatement":1,"seen":{"s:2:55:17:Infinity":0}}}
,"/mnt/e/Projects/Yaatuber/src/shared/types.ts": {"path":"/mnt/e/Projects/Yaatuber/src/shared/types.ts","statementMap":{},"fnMap":{},"branchMap":{},"s":{},"f":{},"b":{},"meta":{"lastBranch":0,"lastFunction":0,"lastStatement":0,"seen":{}}}
,"/mnt/e/Projects/Yaatuber/src/shared/zoom.ts": {"path":"/mnt/e/Projects/Yaatuber/src/shared/zoom.ts","statementMap":{"0":{"start":{"line":16,"column":30},"end":{"line":16,"column":null}},"1":{"start":{"line":17,"column":30},"end":{"line":17,"column":null}},"2":{"start":{"line":20,"column":51},"end":{"line":24,"column":null}},"3":{"start":{"line":27,"column":2},"end":{"line":27,"column":null}},"4":{"start":{"line":39,"column":2},"end":{"line":40,"column":null}},"5":{"start":{"line":40,"column":4},"end":{"line":40,"column":null}},"6":{"start":{"line":43,"column":20},"end":{"line":43,"column":39}},"7":{"start":{"line":45,"column":23},"end":{"line":45,"column":null}},"8":{"start":{"line":46,"column":22},"end":{"line":46,"column":null}},"9":{"start":{"line":47,"column":23},"end":{"line":47,"column":null}},"10":{"start":{"line":48,"column":8},"end":{"line":48,"column":null}},"11":{"start":{"line":49,"column":2},"end":{"line":49,"column":null}},"12":{"start":{"line":50,"column":2},"end":{"line":50,"column":null}},"13":{"start":{"line":52,"column":27},"end":{"line":52,"column":null}},"14":{"start":{"line":53,"column":29},"end":{"line":53,"column":null}},"15":{"start":{"line":54,"column":2},"end":{"line":60,"column":null}},"16":{"start":{"line":58,"column":4},"end":{"line":58,"column":null}},"17":{"start":{"line":59,"column":4},"end":{"line":59,"column":null}},"18":{"start":{"line":60,"column":4},"end":{"line":60,"column":null}},"19":{"start":{"line":62,"column":2},"end":{"line":62,"column":null}},"20":{"start":{"line":70,"column":2},"end":{"line":70,"column":null}},"21":{"start":{"line":71,"column":2},"end":{"line":71,"column":null}}},"fnMap":{"0":{"name":"createSpringState","decl":{"start":{"line":26,"column":16},"end":{"line":26,"column":34}},"loc":{"start":{"line":26,"column":64},"end":{"line":27,"column":null}},"line":26},"1":{"name":"stepSpring","decl":{"start":{"line":38,"column":16},"end":{"line":38,"column":27}},"loc":{"start":{"line":38,"column":94},"end":{"line":62,"column":null}},"line":38},"2":{"name":"setSpringTarget","decl":{"start":{"line":69,"column":16},"end":{"line":69,"column":32}},"loc":{"start":{"line":69,"column":74},"end":{"line":71,"column":null}},"line":69}},"branchMap":{"0":{"loc":{"start":{"line":39,"column":2},"end":{"line":40,"column":null}},"type":"if","locations":[{"start":{"line":39,"column":2},"end":{"line":40,"column":null}},{"start":{},"end":{}}],"line":39},"1":{"loc":{"start":{"line":54,"column":2},"end":{"line":60,"column":null}},"type":"if","locations":[{"start":{"line":54,"column":2},"end":{"line":60,"column":null}},{"start":{},"end":{}}],"line":54},"2":{"loc":{"start":{"line":55,"column":4},"end":{"line":56,"column":null}},"type":"binary-expr","locations":[{"start":{"line":55,"column":4},"end":{"line":55,"column":null}},{"start":{"line":56,"column":4},"end":{"line":56,"column":null}}],"line":55}},"s":{"0":2,"1":2,"2":2,"3":38,"4":5921,"5":4278,"6":1643,"7":1643,"8":1643,"9":1643,"10":1643,"11":1643,"12":1643,"13":1643,"14":1643,"15":1643,"16":15,"17":15,"18":15,"19":1643,"20":66,"21":66},"f":{"0":38,"1":5921,"2":66},"b":{"0":[4278,1643],"1":[15,1628],"2":[1643,29]},"meta":{"lastBranch":3,"lastFunction":3,"lastStatement":22,"seen":{"s:16:30:16:Infinity":0,"s:17:30:17:Infinity":1,"s:20:51:24:Infinity":2,"f:26:16:26:34":0,"s:27:2:27:Infinity":3,"f:38:16:38:27":1,"b:39:2:40:Infinity:undefined:undefined:undefined:undefined":0,"s:39:2:40:Infinity":4,"s:40:4:40:Infinity":5,"s:43:20:43:39":6,"s:45:23:45:Infinity":7,"s:46:22:46:Infinity":8,"s:47:23:47:Infinity":9,"s:48:8:48:Infinity":10,"s:49:2:49:Infinity":11,"s:50:2:50:Infinity":12,"s:52:27:52:Infinity":13,"s:53:29:53:Infinity":14,"b:54:2:60:Infinity:undefined:undefined:undefined:undefined":1,"s:54:2:60:Infinity":15,"b:55:4:55:Infinity:56:4:56:Infinity":2,"s:58:4:58:Infinity":16,"s:59:4:59:Infinity":17,"s:60:4:60:Infinity":18,"s:62:2:62:Infinity":19,"f:69:16:69:32":2,"s:70:2:70:Infinity":20,"s:71:2:71:Infinity":21}}}
,"/mnt/e/Projects/Yaatuber/src/types/uiohook-napi.d.ts": {"path":"/mnt/e/Projects/Yaatuber/src/types/uiohook-napi.d.ts","statementMap":{},"fnMap":{},"branchMap":{},"s":{},"f":{},"b":{},"meta":{"lastBranch":0,"lastFunction":0,"lastStatement":0,"seen":{}}}
}
